Using pre-set license
Built from '2021.1/staging' branch; Version is '2021.1.7f1 (d91830b65d9b) revision 14227504'; Using compiler version '192528614'; Build Type 'Release'
OS: 'Windows 10 Home; OS build 22000.493; Version 2009; 64bit' Language: 'en' Physical Memory: 16021 MB
BatchMode: 1, IsHumanControllingUs: 0, StartBugReporterOnCrash: 0, Is64bit: 1, IsPro: 0

 COMMAND LINE ARGUMENTS:
C:\Program Files\Unity\Hub\Editor\2021.1.7f1\Editor\Unity.exe
-adb2
-batchMode
-noUpm
-name
AssetImportWorker0
-projectPath
C:/Game/GameDev_Decal/TransitioningLab-master
-logFile
Logs/AssetImportWorker0.log
-srvPort
56583
Successfully changed project path to: C:/Game/GameDev_Decal/TransitioningLab-master
C:/Game/GameDev_Decal/TransitioningLab-master
Using Asset Import Pipeline V2.
Refreshing native plugins compatible for Editor in 47.62 ms, found 0 plugins.
Preloading 0 native plugins for Editor in 0.00 ms.
Initialize engine version: 2021.1.7f1 (d91830b65d9b)
[Subsystems] Discovering subsystems at path C:/Program Files/Unity/Hub/Editor/2021.1.7f1/Editor/Data/Resources/UnitySubsystems
[Subsystems] Discovering subsystems at path C:/Game/GameDev_Decal/TransitioningLab-master/Assets
GfxDevice: creating device client; threaded=0; jobified=0
Direct3D:
    Version:  Direct3D 11.0 [level 11.1]
    Renderer: Intel(R) Iris(R) Xe Graphics (ID=0x9a49)
    Vendor:   Intel
    VRAM:     8010 MB
    Driver:   30.0.100.9864
Initialize mono
Mono path[0] = 'C:/Program Files/Unity/Hub/Editor/2021.1.7f1/Editor/Data/Managed'
Mono path[1] = 'C:/Program Files/Unity/Hub/Editor/2021.1.7f1/Editor/Data/MonoBleedingEdge/lib/mono/unityjit'
Mono config path = 'C:/Program Files/Unity/Hub/Editor/2021.1.7f1/Editor/Data/MonoBleedingEdge/etc'
Using monoOptions --debugger-agent=transport=dt_socket,embedding=1,server=y,suspend=n,address=127.0.0.1:56660
Begin MonoManager ReloadAssembly
Registering precompiled unity dll's ...
Register platform support module: C:/Program Files/Unity/Hub/Editor/2021.1.7f1/Editor/Data/PlaybackEngines/WebGLSupport/UnityEditor.WebGL.Extensions.dll
Register platform support module: C:/Program Files/Unity/Hub/Editor/2021.1.7f1/Editor/Data/PlaybackEngines/WindowsStandaloneSupport/UnityEditor.WindowsStandalone.Extensions.dll
Registered in 0.003664 seconds.
Native extension for WindowsStandalone target not found
Native extension for WebGL target not found
Refreshing native plugins compatible for Editor in 38.85 ms, found 0 plugins.
Preloading 0 native plugins for Editor in 0.00 ms.
Mono: successfully reloaded assembly
- Completed reload, in  2.806 seconds
Platform modules already initialized, skipping
Registering precompiled user dll's ...
Registered in 0.008713 seconds.
Begin MonoManager ReloadAssembly
Native extension for WindowsStandalone target not found
Native extension for WebGL target not found
Refreshing native plugins compatible for Editor in 0.46 ms, found 0 plugins.
Preloading 0 native plugins for Editor in 0.00 ms.
Mono: successfully reloaded assembly
- Completed reload, in  0.765 seconds
Platform modules already initialized, skipping
========================================================================
Worker process is ready to serve import requests
Launched and connected shader compiler UnityShaderCompiler.exe after 0.06 seconds
Refreshing native plugins compatible for Editor in 0.47 ms, found 0 plugins.
Preloading 0 native plugins for Editor in 0.00 ms.
Unloading 1812 Unused Serialized files (Serialized files now loaded: 0)
System memory in use before: 78.1 MB.
System memory in use after: 78.2 MB.

Unloading 53 unused Assets to reduce memory usage. Loaded Objects now: 2235.
Total: 6.231500 ms (FindLiveObjects: 0.136600 ms CreateObjectMapping: 0.074500 ms MarkObjects: 5.947400 ms  DeleteObjects: 0.071900 ms)

========================================================================
Received Import Request.
  path: Assets/Scenes/level1.unity
  artifactKey: Guid(c4337a15bdc4689489fa8a2de79f1b55) Importer(815301076,1909f56bfc062723c751e8b465ee728b)
Start importing Assets/Scenes/level1.unity using Guid(c4337a15bdc4689489fa8a2de79f1b55) Importer(815301076,1909f56bfc062723c751e8b465ee728b)  -> (artifact id: '25c02822dc700be1bc189ba95d3bc0cf') in 0.013366 seconds 
========================================================================
Received Import Request.
  Time since last request: 0.000280 seconds.
  path: Assets/Prefabs
  artifactKey: Guid(4ff1e1075c1423a4a9f7d1ccfd7ea666) Importer(815301076,1909f56bfc062723c751e8b465ee728b)
Start importing Assets/Prefabs using Guid(4ff1e1075c1423a4a9f7d1ccfd7ea666) Importer(815301076,1909f56bfc062723c751e8b465ee728b)  -> (artifact id: '1f6202f18f5e9aa164bedad967a5618f') in 0.007966 seconds 
========================================================================
Received Import Request.
  Time since last request: 93.896683 seconds.
  path: Assets/Scripts/SceneController.cs
  artifactKey: Guid(3d3353a0e31d5804c9ca47f0bf122ac9) Importer(815301076,1909f56bfc062723c751e8b465ee728b)
Start importing Assets/Scripts/SceneController.cs using Guid(3d3353a0e31d5804c9ca47f0bf122ac9) Importer(815301076,1909f56bfc062723c751e8b465ee728b)  -> (artifact id: '27c70104c7991d7133ead340f9d7a876') in 0.041601 seconds 
========================================================================
Received Import Request.
  Time since last request: 369.976457 seconds.
  path: Assets/Scripts/SceneController.cs
  artifactKey: Guid(3d3353a0e31d5804c9ca47f0bf122ac9) Importer(815301076,1909f56bfc062723c751e8b465ee728b)
Start importing Assets/Scripts/SceneController.cs using Guid(3d3353a0e31d5804c9ca47f0bf122ac9) Importer(815301076,1909f56bfc062723c751e8b465ee728b)  -> (artifact id: '0fff7d41befc29428abf686c50b40309') in 0.007895 seconds 
========================================================================
Received Import Request.
  Time since last request: 23.477500 seconds.
  path: Assets/Scripts/SceneController.cs
  artifactKey: Guid(3d3353a0e31d5804c9ca47f0bf122ac9) Importer(815301076,1909f56bfc062723c751e8b465ee728b)
Start importing Assets/Scripts/SceneController.cs using Guid(3d3353a0e31d5804c9ca47f0bf122ac9) Importer(815301076,1909f56bfc062723c751e8b465ee728b)  -> (artifact id: '3ff329b399c3b7bc71e2690aa65186f1') in 0.002722 seconds 
========================================================================
Received Prepare
Registering precompiled user dll's ...
Registered in 0.002611 seconds.
Begin MonoManager ReloadAssembly
Native extension for WindowsStandalone target not found
Native extension for WebGL target not found
Refreshing native plugins compatible for Editor in 0.49 ms, found 0 plugins.
Preloading 0 native plugins for Editor in 0.00 ms.
Mono: successfully reloaded assembly
- Completed reload, in  0.756 seconds
Platform modules already initialized, skipping
Refreshing native plugins compatible for Editor in 0.59 ms, found 0 plugins.
Preloading 0 native plugins for Editor in 0.00 ms.
Unloading 1807 Unused Serialized files (Serialized files now loaded: 0)
System memory in use before: 78.1 MB.
System memory in use after: 78.2 MB.

Unloading 44 unused Assets to reduce memory usage. Loaded Objects now: 2238.
Total: 4.852500 ms (FindLiveObjects: 0.119700 ms CreateObjectMapping: 0.051300 ms MarkObjects: 4.636900 ms  DeleteObjects: 0.043100 ms)

========================================================================
Received Import Request.
  Time since last request: 41.311877 seconds.
  path: Assets/Scripts/SceneController.cs
  artifactKey: Guid(3d3353a0e31d5804c9ca47f0bf122ac9) Importer(815301076,1909f56bfc062723c751e8b465ee728b)
Start importing Assets/Scripts/SceneController.cs using Guid(3d3353a0e31d5804c9ca47f0bf122ac9) Importer(815301076,1909f56bfc062723c751e8b465ee728b)  -> (artifact id: '1a86fd183874786a41248c2d02164110') in 0.007510 seconds 
