Using pre-set license
Built from '2021.1/staging' branch; Version is '2021.1.7f1 (d91830b65d9b) revision 14227504'; Using compiler version '192528614'; Build Type 'Release'
OS: 'Windows 10 Pro; OS build 19042.1466; Version 2009; 64bit' Language: 'en' Physical Memory: 32694 MB
BatchMode: 1, IsHumanControllingUs: 0, StartBugReporterOnCrash: 0, Is64bit: 1, IsPro: 0

 COMMAND LINE ARGUMENTS:
C:\Program Files\Unity\Hub\Editor\2021.1.7f1\Editor\Unity.exe
-adb2
-batchMode
-noUpm
-name
AssetImportWorker0
-projectPath
C:/Users/Hoang/OneDrive/Desktop/Game-Dev-Decal/GameDev_Decal/Advanced-Scripting-master
-logFile
Logs/AssetImportWorker0.log
-srvPort
59390
Successfully changed project path to: C:/Users/Hoang/OneDrive/Desktop/Game-Dev-Decal/GameDev_Decal/Advanced-Scripting-master
C:/Users/Hoang/OneDrive/Desktop/Game-Dev-Decal/GameDev_Decal/Advanced-Scripting-master
Using Asset Import Pipeline V2.
Refreshing native plugins compatible for Editor in 43.59 ms, found 0 plugins.
Preloading 0 native plugins for Editor in 0.00 ms.
Initialize engine version: 2021.1.7f1 (d91830b65d9b)
[Subsystems] Discovering subsystems at path C:/Program Files/Unity/Hub/Editor/2021.1.7f1/Editor/Data/Resources/UnitySubsystems
[Subsystems] Discovering subsystems at path C:/Users/Hoang/OneDrive/Desktop/Game-Dev-Decal/GameDev_Decal/Advanced-Scripting-master/Assets
GfxDevice: creating device client; threaded=0; jobified=0
Direct3D:
    Version:  Direct3D 11.0 [level 11.1]
    Renderer: NVIDIA GeForce GTX 1070 (ID=0x1b81)
    Vendor:   NVIDIA
    VRAM:     8088 MB
    Driver:   30.0.14.9649
Initialize mono
Mono path[0] = 'C:/Program Files/Unity/Hub/Editor/2021.1.7f1/Editor/Data/Managed'
Mono path[1] = 'C:/Program Files/Unity/Hub/Editor/2021.1.7f1/Editor/Data/MonoBleedingEdge/lib/mono/unityjit'
Mono config path = 'C:/Program Files/Unity/Hub/Editor/2021.1.7f1/Editor/Data/MonoBleedingEdge/etc'
Using monoOptions --debugger-agent=transport=dt_socket,embedding=1,server=y,suspend=n,address=127.0.0.1:56112
Begin MonoManager ReloadAssembly
Registering precompiled unity dll's ...
Register platform support module: C:/Program Files/Unity/Hub/Editor/2021.1.7f1/Editor/Data/PlaybackEngines/WebGLSupport/UnityEditor.WebGL.Extensions.dll
Register platform support module: C:/Program Files/Unity/Hub/Editor/2021.1.7f1/Editor/Data/PlaybackEngines/WindowsStandaloneSupport/UnityEditor.WindowsStandalone.Extensions.dll
Registered in 0.001961 seconds.
Native extension for WindowsStandalone target not found
Native extension for WebGL target not found
Refreshing native plugins compatible for Editor in 36.83 ms, found 0 plugins.
Preloading 0 native plugins for Editor in 0.00 ms.
Mono: successfully reloaded assembly
- Completed reload, in  1.091 seconds
Platform modules already initialized, skipping
Registering precompiled user dll's ...
Registered in 0.003257 seconds.
Begin MonoManager ReloadAssembly
Native extension for WindowsStandalone target not found
Native extension for WebGL target not found
Refreshing native plugins compatible for Editor in 0.54 ms, found 0 plugins.
Preloading 0 native plugins for Editor in 0.00 ms.
Mono: successfully reloaded assembly
- Completed reload, in  0.857 seconds
Platform modules already initialized, skipping
========================================================================
Worker process is ready to serve import requests
Launched and connected shader compiler UnityShaderCompiler.exe after 0.06 seconds
Refreshing native plugins compatible for Editor in 0.52 ms, found 0 plugins.
Preloading 0 native plugins for Editor in 0.00 ms.
Unloading 1811 Unused Serialized files (Serialized files now loaded: 0)
System memory in use before: 78.8 MB.
System memory in use after: 78.9 MB.

Unloading 53 unused Assets to reduce memory usage. Loaded Objects now: 2236.
Total: 4.909400 ms (FindLiveObjects: 0.174700 ms CreateObjectMapping: 0.037800 ms MarkObjects: 4.642500 ms  DeleteObjects: 0.053200 ms)

========================================================================
Received Import Request.
  path: Assets/Prefabs/Enemy.prefab
  artifactKey: Guid(6d3a01e3248daf64e8bc24e1362ed038) Importer(815301076,1909f56bfc062723c751e8b465ee728b)
Start importing Assets/Prefabs/Enemy.prefab using Guid(6d3a01e3248daf64e8bc24e1362ed038) Importer(815301076,1909f56bfc062723c751e8b465ee728b)  -> (artifact id: 'b9528d26f5c62599dfb98f5d5e12d0bf') in 0.081537 seconds 
========================================================================
Received Import Request.
  Time since last request: 6.731292 seconds.
  path: Assets/Scripts/SpawnManager.cs
  artifactKey: Guid(a6ac7e0cb51b0c444ade8e54b64f5d5e) Importer(815301076,1909f56bfc062723c751e8b465ee728b)
Start importing Assets/Scripts/SpawnManager.cs using Guid(a6ac7e0cb51b0c444ade8e54b64f5d5e) Importer(815301076,1909f56bfc062723c751e8b465ee728b)  -> (artifact id: '590a6de830c11d8b0296ffeae782670c') in 0.008976 seconds 
========================================================================
Received Import Request.
  Time since last request: 16.472606 seconds.
  path: Assets/Prefabs/Goodies.prefab
  artifactKey: Guid(d97c72df7fb2a6f45a576ba436e642bd) Importer(815301076,1909f56bfc062723c751e8b465ee728b)
Start importing Assets/Prefabs/Goodies.prefab using Guid(d97c72df7fb2a6f45a576ba436e642bd) Importer(815301076,1909f56bfc062723c751e8b465ee728b)  -> (artifact id: '1f8694ffedd2e5120b9bd4de3ec98d63') in 0.008681 seconds 
========================================================================
Received Prepare
Registering precompiled user dll's ...
Registered in 0.004031 seconds.
Begin MonoManager ReloadAssembly
Native extension for WindowsStandalone target not found
Native extension for WebGL target not found
Refreshing native plugins compatible for Editor in 0.57 ms, found 0 plugins.
Preloading 0 native plugins for Editor in 0.00 ms.
Mono: successfully reloaded assembly
- Completed reload, in  0.801 seconds
Platform modules already initialized, skipping
Refreshing native plugins compatible for Editor in 0.55 ms, found 0 plugins.
Preloading 0 native plugins for Editor in 0.00 ms.
Unloading 1805 Unused Serialized files (Serialized files now loaded: 0)
System memory in use before: 82.5 MB.
System memory in use after: 82.6 MB.

Unloading 44 unused Assets to reduce memory usage. Loaded Objects now: 2246.
Total: 5.288100 ms (FindLiveObjects: 0.141800 ms CreateObjectMapping: 0.040100 ms MarkObjects: 5.081100 ms  DeleteObjects: 0.024100 ms)

========================================================================
Received Import Request.
  Time since last request: 179.824361 seconds.
  path: Assets/Scripts/MouseInput.cs
  artifactKey: Guid(9c58cd6806626f647b85be58e30e8a8e) Importer(815301076,1909f56bfc062723c751e8b465ee728b)
Start importing Assets/Scripts/MouseInput.cs using Guid(9c58cd6806626f647b85be58e30e8a8e) Importer(815301076,1909f56bfc062723c751e8b465ee728b)  -> (artifact id: '9f6669b384fa8416c94a71b075bb4bb5') in 0.004703 seconds 
========================================================================
Received Import Request.
  Time since last request: 8.430343 seconds.
  path: ProjectSettings/TagManager.asset
  artifactKey: Guid(00000000000000003000000000000000) Importer(815301076,1909f56bfc062723c751e8b465ee728b)
Start importing ProjectSettings/TagManager.asset using Guid(00000000000000003000000000000000) Importer(815301076,1909f56bfc062723c751e8b465ee728b)  -> (artifact id: 'ce6a35c3cddc746e7501c0bd0ed6d4ce') in 0.029694 seconds 
========================================================================
Received Import Request.
  Time since last request: 10.734301 seconds.
  path: Assets/Prefabs/Enemy.prefab
  artifactKey: Guid(6d3a01e3248daf64e8bc24e1362ed038) Importer(815301076,1909f56bfc062723c751e8b465ee728b)
Start importing Assets/Prefabs/Enemy.prefab using Guid(6d3a01e3248daf64e8bc24e1362ed038) Importer(815301076,1909f56bfc062723c751e8b465ee728b)  -> (artifact id: '3d5526653a1283705016011dc79c27e3') in 0.035903 seconds 
========================================================================
Received Prepare
Registering precompiled user dll's ...
Registered in 0.003175 seconds.
Begin MonoManager ReloadAssembly
Native extension for WindowsStandalone target not found
Native extension for WebGL target not found
Refreshing native plugins compatible for Editor in 0.54 ms, found 0 plugins.
Preloading 0 native plugins for Editor in 0.00 ms.
Mono: successfully reloaded assembly
- Completed reload, in  0.776 seconds
Platform modules already initialized, skipping
Refreshing native plugins compatible for Editor in 0.65 ms, found 0 plugins.
Preloading 0 native plugins for Editor in 0.00 ms.
Unloading 1805 Unused Serialized files (Serialized files now loaded: 0)
System memory in use before: 82.5 MB.
System memory in use after: 82.6 MB.

Unloading 45 unused Assets to reduce memory usage. Loaded Objects now: 2250.
Total: 4.941200 ms (FindLiveObjects: 0.143700 ms CreateObjectMapping: 0.047400 ms MarkObjects: 4.723600 ms  DeleteObjects: 0.025500 ms)

========================================================================
Received Prepare
Registering precompiled user dll's ...
Registered in 0.003164 seconds.
Begin MonoManager ReloadAssembly
Native extension for WindowsStandalone target not found
Native extension for WebGL target not found
Refreshing native plugins compatible for Editor in 0.58 ms, found 0 plugins.
Preloading 0 native plugins for Editor in 0.00 ms.
Mono: successfully reloaded assembly
- Completed reload, in  0.780 seconds
Platform modules already initialized, skipping
Refreshing native plugins compatible for Editor in 0.54 ms, found 0 plugins.
Preloading 0 native plugins for Editor in 0.00 ms.
Unloading 1805 Unused Serialized files (Serialized files now loaded: 0)
System memory in use before: 82.5 MB.
System memory in use after: 82.6 MB.

Unloading 44 unused Assets to reduce memory usage. Loaded Objects now: 2253.
Total: 5.095500 ms (FindLiveObjects: 0.139800 ms CreateObjectMapping: 0.040300 ms MarkObjects: 4.889800 ms  DeleteObjects: 0.024000 ms)

========================================================================
Received Prepare
Registering precompiled user dll's ...
Registered in 0.003088 seconds.
Begin MonoManager ReloadAssembly
Native extension for WindowsStandalone target not found
Native extension for WebGL target not found
Refreshing native plugins compatible for Editor in 0.55 ms, found 0 plugins.
Preloading 0 native plugins for Editor in 0.00 ms.
Mono: successfully reloaded assembly
- Completed reload, in  0.782 seconds
Platform modules already initialized, skipping
Refreshing native plugins compatible for Editor in 0.59 ms, found 0 plugins.
Preloading 0 native plugins for Editor in 0.00 ms.
Unloading 1805 Unused Serialized files (Serialized files now loaded: 0)
System memory in use before: 82.5 MB.
System memory in use after: 82.6 MB.

Unloading 44 unused Assets to reduce memory usage. Loaded Objects now: 2256.
Total: 5.008900 ms (FindLiveObjects: 0.142000 ms CreateObjectMapping: 0.040000 ms MarkObjects: 4.801500 ms  DeleteObjects: 0.024400 ms)

AssetImportWorkerClient::OnTransportError - code=2 error=End of file
