Using pre-set license
Built from '2021.1/staging' branch; Version is '2021.1.7f1 (d91830b65d9b) revision 14227504'; Using compiler version '192528614'; Build Type 'Release'
OS: 'Windows 10 Home; OS build 22000.434; Version 2009; 64bit' Language: 'en' Physical Memory: 16021 MB
BatchMode: 1, IsHumanControllingUs: 0, StartBugReporterOnCrash: 0, Is64bit: 1, IsPro: 0

 COMMAND LINE ARGUMENTS:
C:\Program Files\Unity\Hub\Editor\2021.1.7f1\Editor\Unity.exe
-adb2
-batchMode
-noUpm
-name
AssetImportWorker0
-projectPath
C:/Game/GameDev_Decal/Advanced-Scripting-master
-logFile
Logs/AssetImportWorker0.log
-srvPort
59166
Successfully changed project path to: C:/Game/GameDev_Decal/Advanced-Scripting-master
C:/Game/GameDev_Decal/Advanced-Scripting-master
Using Asset Import Pipeline V2.
Refreshing native plugins compatible for Editor in 37.13 ms, found 0 plugins.
Preloading 0 native plugins for Editor in 0.00 ms.
Initialize engine version: 2021.1.7f1 (d91830b65d9b)
[Subsystems] Discovering subsystems at path C:/Program Files/Unity/Hub/Editor/2021.1.7f1/Editor/Data/Resources/UnitySubsystems
[Subsystems] Discovering subsystems at path C:/Game/GameDev_Decal/Advanced-Scripting-master/Assets
GfxDevice: creating device client; threaded=0; jobified=0
Direct3D:
    Version:  Direct3D 11.0 [level 11.1]
    Renderer: Intel(R) Iris(R) Xe Graphics (ID=0x9a49)
    Vendor:   Intel
    VRAM:     8010 MB
    Driver:   30.0.100.9864
Initialize mono
Mono path[0] = 'C:/Program Files/Unity/Hub/Editor/2021.1.7f1/Editor/Data/Managed'
Mono path[1] = 'C:/Program Files/Unity/Hub/Editor/2021.1.7f1/Editor/Data/MonoBleedingEdge/lib/mono/unityjit'
Mono config path = 'C:/Program Files/Unity/Hub/Editor/2021.1.7f1/Editor/Data/MonoBleedingEdge/etc'
Using monoOptions --debugger-agent=transport=dt_socket,embedding=1,server=y,suspend=n,address=127.0.0.1:56100
Begin MonoManager ReloadAssembly
Registering precompiled unity dll's ...
Register platform support module: C:/Program Files/Unity/Hub/Editor/2021.1.7f1/Editor/Data/PlaybackEngines/WebGLSupport/UnityEditor.WebGL.Extensions.dll
Register platform support module: C:/Program Files/Unity/Hub/Editor/2021.1.7f1/Editor/Data/PlaybackEngines/WindowsStandaloneSupport/UnityEditor.WindowsStandalone.Extensions.dll
Registered in 0.001114 seconds.
Native extension for WindowsStandalone target not found
Native extension for WebGL target not found
Refreshing native plugins compatible for Editor in 34.73 ms, found 0 plugins.
Preloading 0 native plugins for Editor in 0.00 ms.
Mono: successfully reloaded assembly
- Completed reload, in  1.028 seconds
Platform modules already initialized, skipping
Registering precompiled user dll's ...
Registered in 0.003914 seconds.
Begin MonoManager ReloadAssembly
Native extension for WindowsStandalone target not found
Native extension for WebGL target not found
Refreshing native plugins compatible for Editor in 0.81 ms, found 0 plugins.
Preloading 0 native plugins for Editor in 0.00 ms.
Mono: successfully reloaded assembly
- Completed reload, in  0.806 seconds
Platform modules already initialized, skipping
========================================================================
Worker process is ready to serve import requests
Launched and connected shader compiler UnityShaderCompiler.exe after 0.03 seconds
Refreshing native plugins compatible for Editor in 0.45 ms, found 0 plugins.
Preloading 0 native plugins for Editor in 0.00 ms.
Unloading 1810 Unused Serialized files (Serialized files now loaded: 0)
System memory in use before: 78.1 MB.
System memory in use after: 78.2 MB.

Unloading 53 unused Assets to reduce memory usage. Loaded Objects now: 2234.
Total: 5.540200 ms (FindLiveObjects: 0.106200 ms CreateObjectMapping: 0.038800 ms MarkObjects: 5.262600 ms  DeleteObjects: 0.131000 ms)

========================================================================
Received Import Request.
  path: Assets/Scripts/MouseInput.cs
  artifactKey: Guid(9c58cd6806626f647b85be58e30e8a8e) Importer(815301076,1909f56bfc062723c751e8b465ee728b)
Start importing Assets/Scripts/MouseInput.cs using Guid(9c58cd6806626f647b85be58e30e8a8e) Importer(815301076,1909f56bfc062723c751e8b465ee728b)  -> (artifact id: 'b5d4b29c3446fcce741956a58657c0fc') in 0.035111 seconds 
========================================================================
Received Import Request.
  Time since last request: 0.000255 seconds.
  path: Assets/Resources
  artifactKey: Guid(6368c6f770006064e8a208592b349fb2) Importer(815301076,1909f56bfc062723c751e8b465ee728b)
Start importing Assets/Resources using Guid(6368c6f770006064e8a208592b349fb2) Importer(815301076,1909f56bfc062723c751e8b465ee728b)  -> (artifact id: '6640ec801ffedf0f9c8919f7e3e2b6a2') in 0.007128 seconds 
========================================================================
Received Import Request.
  Time since last request: 0.000193 seconds.
  path: Assets/Scripts
  artifactKey: Guid(c1d1162737e70014281a4c262e484094) Importer(815301076,1909f56bfc062723c751e8b465ee728b)
Start importing Assets/Scripts using Guid(c1d1162737e70014281a4c262e484094) Importer(815301076,1909f56bfc062723c751e8b465ee728b)  -> (artifact id: '82ce8be70a944f59c96c79e9a5a191d4') in 0.009259 seconds 
========================================================================
Received Import Request.
  Time since last request: 0.042327 seconds.
  path: Assets/Scripts/SpawnManager.cs
  artifactKey: Guid(a6ac7e0cb51b0c444ade8e54b64f5d5e) Importer(815301076,1909f56bfc062723c751e8b465ee728b)
Start importing Assets/Scripts/SpawnManager.cs using Guid(a6ac7e0cb51b0c444ade8e54b64f5d5e) Importer(815301076,1909f56bfc062723c751e8b465ee728b)  -> (artifact id: '0c02b5efebe3448f33b7d033161ee88f') in 0.006964 seconds 
========================================================================
Received Import Request.
  Time since last request: 90.555808 seconds.
  path: Assets/Scripts/Score.cs
  artifactKey: Guid(38f90a382d9504b4898b4dd68bc49478) Importer(815301076,1909f56bfc062723c751e8b465ee728b)
Start importing Assets/Scripts/Score.cs using Guid(38f90a382d9504b4898b4dd68bc49478) Importer(815301076,1909f56bfc062723c751e8b465ee728b)  -> (artifact id: '0dc83dac9b7c2190c7a6cd4286b6ea61') in 0.020393 seconds 
========================================================================
Received Import Request.
  Time since last request: 464.015114 seconds.
  path: Assets/Prefabs/Canvas.prefab
  artifactKey: Guid(a0766c695ab94894094d5db1532d4602) Importer(815301076,1909f56bfc062723c751e8b465ee728b)
Start importing Assets/Prefabs/Canvas.prefab using Guid(a0766c695ab94894094d5db1532d4602) Importer(815301076,1909f56bfc062723c751e8b465ee728b)  -> (artifact id: '972ffaa697037c3cbfc76cbf7b156a46') in 0.036433 seconds 
========================================================================
Received Import Request.
  Time since last request: 0.405011 seconds.
  path: Assets/Prefabs/Main Camera.prefab
  artifactKey: Guid(60dba7c6b9cc1ac4191632424e79d0ae) Importer(815301076,1909f56bfc062723c751e8b465ee728b)
Start importing Assets/Prefabs/Main Camera.prefab using Guid(60dba7c6b9cc1ac4191632424e79d0ae) Importer(815301076,1909f56bfc062723c751e8b465ee728b)  -> (artifact id: '3d0200dd72fc81c0eaf6301f01d3f35c') in 0.010616 seconds 
========================================================================
Received Import Request.
  Time since last request: 0.422015 seconds.
  path: Assets/Prefabs/Systems.prefab
  artifactKey: Guid(a34b024cb2656d7499cb2eb745b14d5a) Importer(815301076,1909f56bfc062723c751e8b465ee728b)
Start importing Assets/Prefabs/Systems.prefab using Guid(a34b024cb2656d7499cb2eb745b14d5a) Importer(815301076,1909f56bfc062723c751e8b465ee728b)  -> (artifact id: '90e5c338df682d61a7a2804d1ae60510') in 0.012740 seconds 
========================================================================
Received Import Request.
  Time since last request: 6.664078 seconds.
  path: Packages/com.unity.2d.sprite
  artifactKey: Guid(0901a6b758d060e9422c4f8d588d5895) Importer(815301076,1909f56bfc062723c751e8b465ee728b)
Start importing Packages/com.unity.2d.sprite using Guid(0901a6b758d060e9422c4f8d588d5895) Importer(815301076,1909f56bfc062723c751e8b465ee728b)  -> (artifact id: '1ac9f0859ed1eccac4506b3b2480e9d0') in 0.008716 seconds 
========================================================================
Received Import Request.
  Time since last request: 1.380947 seconds.
  path: Packages/com.unity.2d.sprite/Editor
  artifactKey: Guid(16fa2ad734f422245b86558310973ad1) Importer(815301076,1909f56bfc062723c751e8b465ee728b)
Start importing Packages/com.unity.2d.sprite/Editor using Guid(16fa2ad734f422245b86558310973ad1) Importer(815301076,1909f56bfc062723c751e8b465ee728b)  -> (artifact id: '9729fdc7d07b271ef5be2d84a579c6a2') in 0.009072 seconds 
========================================================================
Received Import Request.
  Time since last request: 0.447350 seconds.
  path: Packages/com.unity.2d.sprite/Tests
  artifactKey: Guid(7e2656e167a517b4d8552ba38f4b7bbe) Importer(815301076,1909f56bfc062723c751e8b465ee728b)
Start importing Packages/com.unity.2d.sprite/Tests using Guid(7e2656e167a517b4d8552ba38f4b7bbe) Importer(815301076,1909f56bfc062723c751e8b465ee728b)  -> (artifact id: 'e7c2fff4ccefa8c3c7b682e8bb96f3a8') in 0.008126 seconds 
========================================================================
Received Import Request.
  Time since last request: 0.407570 seconds.
  path: Packages/com.unity.2d.sprite/LICENSE.md
  artifactKey: Guid(20ef7441e2dc7954c9ba3a12ffbac4d9) Importer(815301076,1909f56bfc062723c751e8b465ee728b)
Start importing Packages/com.unity.2d.sprite/LICENSE.md using Guid(20ef7441e2dc7954c9ba3a12ffbac4d9) Importer(815301076,1909f56bfc062723c751e8b465ee728b)  -> (artifact id: '4d27559307dd03906dbcd45671c8d31a') in 0.019225 seconds 
========================================================================
Received Import Request.
  Time since last request: 306.054956 seconds.
  path: Assets/Scripts/Enemy.cs
  artifactKey: Guid(c9bb5af63b815b94bab73a2f06141d38) Importer(815301076,1909f56bfc062723c751e8b465ee728b)
Start importing Assets/Scripts/Enemy.cs using Guid(c9bb5af63b815b94bab73a2f06141d38) Importer(815301076,1909f56bfc062723c751e8b465ee728b)  -> (artifact id: 'ef54dc4b9637531282fd97274ac8c227') in 0.009799 seconds 
========================================================================
Received Prepare
Registering precompiled user dll's ...
Registered in 0.002364 seconds.
Begin MonoManager ReloadAssembly
Native extension for WindowsStandalone target not found
Native extension for WebGL target not found
Refreshing native plugins compatible for Editor in 0.53 ms, found 0 plugins.
Preloading 0 native plugins for Editor in 0.00 ms.
Mono: successfully reloaded assembly
- Completed reload, in  0.857 seconds
Platform modules already initialized, skipping
Refreshing native plugins compatible for Editor in 0.63 ms, found 0 plugins.
Preloading 0 native plugins for Editor in 0.00 ms.
Unloading 1805 Unused Serialized files (Serialized files now loaded: 0)
System memory in use before: 78.1 MB.
System memory in use after: 78.2 MB.

Unloading 44 unused Assets to reduce memory usage. Loaded Objects now: 2240.
Total: 7.118100 ms (FindLiveObjects: 0.201200 ms CreateObjectMapping: 0.076800 ms MarkObjects: 6.798600 ms  DeleteObjects: 0.039600 ms)

========================================================================
Received Import Request.
  Time since last request: 30.738425 seconds.
  path: Assets/Scripts/Enemy.cs
  artifactKey: Guid(c9bb5af63b815b94bab73a2f06141d38) Importer(815301076,1909f56bfc062723c751e8b465ee728b)
Start importing Assets/Scripts/Enemy.cs using Guid(c9bb5af63b815b94bab73a2f06141d38) Importer(815301076,1909f56bfc062723c751e8b465ee728b)  -> (artifact id: '2349125a1fa07c7eb02a4830ce3080ef') in 0.016625 seconds 
========================================================================
Received Prepare
Registering precompiled user dll's ...
Registered in 0.002074 seconds.
Begin MonoManager ReloadAssembly
Native extension for WindowsStandalone target not found
Native extension for WebGL target not found
Refreshing native plugins compatible for Editor in 0.52 ms, found 0 plugins.
Preloading 0 native plugins for Editor in 0.00 ms.
Mono: successfully reloaded assembly
- Completed reload, in  0.836 seconds
Platform modules already initialized, skipping
Refreshing native plugins compatible for Editor in 0.52 ms, found 0 plugins.
Preloading 0 native plugins for Editor in 0.00 ms.
Unloading 1805 Unused Serialized files (Serialized files now loaded: 0)
System memory in use before: 78.1 MB.
System memory in use after: 78.2 MB.

Unloading 44 unused Assets to reduce memory usage. Loaded Objects now: 2243.
Total: 4.668200 ms (FindLiveObjects: 0.139900 ms CreateObjectMapping: 0.057400 ms MarkObjects: 4.431300 ms  DeleteObjects: 0.038300 ms)

========================================================================
Received Import Request.
  Time since last request: 56.731550 seconds.
  path: Assets/Scripts/Enemy.cs
  artifactKey: Guid(c9bb5af63b815b94bab73a2f06141d38) Importer(815301076,1909f56bfc062723c751e8b465ee728b)
Start importing Assets/Scripts/Enemy.cs using Guid(c9bb5af63b815b94bab73a2f06141d38) Importer(815301076,1909f56bfc062723c751e8b465ee728b)  -> (artifact id: '561c10620890967229d0624ef8bb4d91') in 0.005230 seconds 
========================================================================
Received Prepare
Registering precompiled user dll's ...
Registered in 0.003567 seconds.
Begin MonoManager ReloadAssembly
Native extension for WindowsStandalone target not found
Native extension for WebGL target not found
Refreshing native plugins compatible for Editor in 0.78 ms, found 0 plugins.
Preloading 0 native plugins for Editor in 0.00 ms.
Mono: successfully reloaded assembly
- Completed reload, in  0.838 seconds
Platform modules already initialized, skipping
Refreshing native plugins compatible for Editor in 0.49 ms, found 0 plugins.
Preloading 0 native plugins for Editor in 0.00 ms.
Unloading 1805 Unused Serialized files (Serialized files now loaded: 0)
System memory in use before: 78.1 MB.
System memory in use after: 78.2 MB.

Unloading 44 unused Assets to reduce memory usage. Loaded Objects now: 2246.
Total: 4.687800 ms (FindLiveObjects: 0.106200 ms CreateObjectMapping: 0.033000 ms MarkObjects: 4.508400 ms  DeleteObjects: 0.038700 ms)

========================================================================
Received Import Request.
  Time since last request: 488.776928 seconds.
  path: Assets/Prefabs/Enemy.prefab
  artifactKey: Guid(6d3a01e3248daf64e8bc24e1362ed038) Importer(815301076,1909f56bfc062723c751e8b465ee728b)
Start importing Assets/Prefabs/Enemy.prefab using Guid(6d3a01e3248daf64e8bc24e1362ed038) Importer(815301076,1909f56bfc062723c751e8b465ee728b)  -> (artifact id: '1135df784d2363dcb095e48d0f466975') in 0.091748 seconds 
========================================================================
Received Import Request.
  Time since last request: 5.167896 seconds.
  path: Assets/Scripts/Enemy.cs
  artifactKey: Guid(c9bb5af63b815b94bab73a2f06141d38) Importer(815301076,1909f56bfc062723c751e8b465ee728b)
Start importing Assets/Scripts/Enemy.cs using Guid(c9bb5af63b815b94bab73a2f06141d38) Importer(815301076,1909f56bfc062723c751e8b465ee728b)  -> (artifact id: '0f2595fbe5f9f19a71f7eb96c301750c') in 0.002967 seconds 
========================================================================
Received Import Request.
  Time since last request: 10.534865 seconds.
  path: Assets/Prefabs/Enemy.prefab
  artifactKey: Guid(6d3a01e3248daf64e8bc24e1362ed038) Importer(815301076,1909f56bfc062723c751e8b465ee728b)
Start importing Assets/Prefabs/Enemy.prefab using Guid(6d3a01e3248daf64e8bc24e1362ed038) Importer(815301076,1909f56bfc062723c751e8b465ee728b)  -> (artifact id: '4c5e6eb05d8abbdb7c717d1a21cb3af3') in 0.011543 seconds 
========================================================================
Received Import Request.
  Time since last request: 4.411713 seconds.
  path: Assets/Prefabs/Enemy.prefab
  artifactKey: Guid(6d3a01e3248daf64e8bc24e1362ed038) Importer(815301076,1909f56bfc062723c751e8b465ee728b)
Start importing Assets/Prefabs/Enemy.prefab using Guid(6d3a01e3248daf64e8bc24e1362ed038) Importer(815301076,1909f56bfc062723c751e8b465ee728b)  -> (artifact id: 'd2bebedc9b9ab05aeea742d42b3475ec') in 0.016713 seconds 
========================================================================
Received Import Request.
  Time since last request: 14.505493 seconds.
  path: Assets/Prefabs/Enemy.prefab
  artifactKey: Guid(6d3a01e3248daf64e8bc24e1362ed038) Importer(815301076,1909f56bfc062723c751e8b465ee728b)
Start importing Assets/Prefabs/Enemy.prefab using Guid(6d3a01e3248daf64e8bc24e1362ed038) Importer(815301076,1909f56bfc062723c751e8b465ee728b)  -> (artifact id: '344b636a50829adac02e049b967d8980') in 0.017399 seconds 
========================================================================
Received Import Request.
  Time since last request: 4.251615 seconds.
  path: Assets/Prefabs/Enemy.prefab
  artifactKey: Guid(6d3a01e3248daf64e8bc24e1362ed038) Importer(815301076,1909f56bfc062723c751e8b465ee728b)
Start importing Assets/Prefabs/Enemy.prefab using Guid(6d3a01e3248daf64e8bc24e1362ed038) Importer(815301076,1909f56bfc062723c751e8b465ee728b)  -> (artifact id: '707f9227c5fd751b6f347fe7520c039f') in 0.015178 seconds 
========================================================================
Received Import Request.
  Time since last request: 29.577434 seconds.
  path: ProjectSettings/TagManager.asset
  artifactKey: Guid(00000000000000003000000000000000) Importer(815301076,1909f56bfc062723c751e8b465ee728b)
Start importing ProjectSettings/TagManager.asset using Guid(00000000000000003000000000000000) Importer(815301076,1909f56bfc062723c751e8b465ee728b)  -> (artifact id: 'ce6a35c3cddc746e7501c0bd0ed6d4ce') in 0.009130 seconds 
========================================================================
Received Import Request.
  Time since last request: 73.284356 seconds.
  path: Assets/Prefabs/Goodies.prefab
  artifactKey: Guid(d97c72df7fb2a6f45a576ba436e642bd) Importer(815301076,1909f56bfc062723c751e8b465ee728b)
Start importing Assets/Prefabs/Goodies.prefab using Guid(d97c72df7fb2a6f45a576ba436e642bd) Importer(815301076,1909f56bfc062723c751e8b465ee728b)  -> (artifact id: 'b6310d8d304459f48acb8d905e7e5c9c') in 0.014406 seconds 
========================================================================
Received Import Request.
  Time since last request: 8.022536 seconds.
  path: Assets/Prefabs/Goodies.prefab
  artifactKey: Guid(d97c72df7fb2a6f45a576ba436e642bd) Importer(815301076,1909f56bfc062723c751e8b465ee728b)
Start importing Assets/Prefabs/Goodies.prefab using Guid(d97c72df7fb2a6f45a576ba436e642bd) Importer(815301076,1909f56bfc062723c751e8b465ee728b)  -> (artifact id: 'd0a3b7ea59034e378519b1c405a768d0') in 0.008920 seconds 
========================================================================
Received Prepare
Registering precompiled user dll's ...
Registered in 0.002400 seconds.
Begin MonoManager ReloadAssembly
Native extension for WindowsStandalone target not found
Native extension for WebGL target not found
Refreshing native plugins compatible for Editor in 0.54 ms, found 0 plugins.
Preloading 0 native plugins for Editor in 0.00 ms.
Mono: successfully reloaded assembly
- Completed reload, in  0.860 seconds
Platform modules already initialized, skipping
Refreshing native plugins compatible for Editor in 0.56 ms, found 0 plugins.
Preloading 0 native plugins for Editor in 0.00 ms.
Unloading 1805 Unused Serialized files (Serialized files now loaded: 0)
System memory in use before: 81.9 MB.
System memory in use after: 82.0 MB.

Unloading 45 unused Assets to reduce memory usage. Loaded Objects now: 2256.
Total: 4.663100 ms (FindLiveObjects: 0.125600 ms CreateObjectMapping: 0.046400 ms MarkObjects: 4.456800 ms  DeleteObjects: 0.032700 ms)

========================================================================
Received Import Request.
  Time since last request: 343.790624 seconds.
  path: Assets/Scripts/MouseInput.cs
  artifactKey: Guid(9c58cd6806626f647b85be58e30e8a8e) Importer(815301076,1909f56bfc062723c751e8b465ee728b)
Start importing Assets/Scripts/MouseInput.cs using Guid(9c58cd6806626f647b85be58e30e8a8e) Importer(815301076,1909f56bfc062723c751e8b465ee728b)  -> (artifact id: 'cc07bce4cf95684359b6908840f7a475') in 0.010567 seconds 
========================================================================
Received Prepare
Registering precompiled user dll's ...
Registered in 0.002331 seconds.
Begin MonoManager ReloadAssembly
Native extension for WindowsStandalone target not found
Native extension for WebGL target not found
Refreshing native plugins compatible for Editor in 0.54 ms, found 0 plugins.
Preloading 0 native plugins for Editor in 0.00 ms.
Mono: successfully reloaded assembly
- Completed reload, in  0.833 seconds
Platform modules already initialized, skipping
Refreshing native plugins compatible for Editor in 0.58 ms, found 0 plugins.
Preloading 0 native plugins for Editor in 0.00 ms.
Unloading 1805 Unused Serialized files (Serialized files now loaded: 0)
System memory in use before: 81.9 MB.
System memory in use after: 82.1 MB.

Unloading 44 unused Assets to reduce memory usage. Loaded Objects now: 2259.
Total: 5.479900 ms (FindLiveObjects: 0.132700 ms CreateObjectMapping: 0.056500 ms MarkObjects: 5.254800 ms  DeleteObjects: 0.034300 ms)

========================================================================
Received Prepare
Registering precompiled user dll's ...
Registered in 0.006957 seconds.
Begin MonoManager ReloadAssembly
Native extension for WindowsStandalone target not found
Native extension for WebGL target not found
Refreshing native plugins compatible for Editor in 0.58 ms, found 0 plugins.
Preloading 0 native plugins for Editor in 0.00 ms.
Mono: successfully reloaded assembly
- Completed reload, in  0.754 seconds
Platform modules already initialized, skipping
Refreshing native plugins compatible for Editor in 0.49 ms, found 0 plugins.
Preloading 0 native plugins for Editor in 0.00 ms.
Unloading 1805 Unused Serialized files (Serialized files now loaded: 0)
System memory in use before: 82.0 MB.
System memory in use after: 82.1 MB.

Unloading 44 unused Assets to reduce memory usage. Loaded Objects now: 2262.
Total: 4.531400 ms (FindLiveObjects: 0.141600 ms CreateObjectMapping: 0.054200 ms MarkObjects: 4.311500 ms  DeleteObjects: 0.022800 ms)

========================================================================
Received Prepare
Registering precompiled user dll's ...
Registered in 0.002155 seconds.
Begin MonoManager ReloadAssembly
Native extension for WindowsStandalone target not found
Native extension for WebGL target not found
Refreshing native plugins compatible for Editor in 0.57 ms, found 0 plugins.
Preloading 0 native plugins for Editor in 0.00 ms.
Mono: successfully reloaded assembly
- Completed reload, in  0.831 seconds
Platform modules already initialized, skipping
Refreshing native plugins compatible for Editor in 0.86 ms, found 0 plugins.
Preloading 0 native plugins for Editor in 0.00 ms.
Unloading 1805 Unused Serialized files (Serialized files now loaded: 0)
System memory in use before: 82.0 MB.
System memory in use after: 82.1 MB.

Unloading 44 unused Assets to reduce memory usage. Loaded Objects now: 2265.
Total: 6.417100 ms (FindLiveObjects: 0.125300 ms CreateObjectMapping: 0.038400 ms MarkObjects: 6.214400 ms  DeleteObjects: 0.036800 ms)

========================================================================
Received Prepare
Registering precompiled user dll's ...
Registered in 0.002134 seconds.
Begin MonoManager ReloadAssembly
Native extension for WindowsStandalone target not found
Native extension for WebGL target not found
Refreshing native plugins compatible for Editor in 0.57 ms, found 0 plugins.
Preloading 0 native plugins for Editor in 0.00 ms.
Mono: successfully reloaded assembly
- Completed reload, in  0.809 seconds
Platform modules already initialized, skipping
Refreshing native plugins compatible for Editor in 0.59 ms, found 0 plugins.
Preloading 0 native plugins for Editor in 0.00 ms.
Unloading 1805 Unused Serialized files (Serialized files now loaded: 0)
System memory in use before: 82.0 MB.
System memory in use after: 82.1 MB.

Unloading 44 unused Assets to reduce memory usage. Loaded Objects now: 2268.
Total: 6.072500 ms (FindLiveObjects: 0.128400 ms CreateObjectMapping: 0.072000 ms MarkObjects: 5.828700 ms  DeleteObjects: 0.041500 ms)

========================================================================
Received Prepare
Registering precompiled user dll's ...
Registered in 0.002103 seconds.
Begin MonoManager ReloadAssembly
Native extension for WindowsStandalone target not found
Native extension for WebGL target not found
Refreshing native plugins compatible for Editor in 0.59 ms, found 0 plugins.
Preloading 0 native plugins for Editor in 0.00 ms.
Mono: successfully reloaded assembly
- Completed reload, in  0.839 seconds
Platform modules already initialized, skipping
Refreshing native plugins compatible for Editor in 0.62 ms, found 0 plugins.
Preloading 0 native plugins for Editor in 0.00 ms.
Unloading 1805 Unused Serialized files (Serialized files now loaded: 0)
System memory in use before: 82.0 MB.
System memory in use after: 82.1 MB.

Unloading 44 unused Assets to reduce memory usage. Loaded Objects now: 2271.
Total: 5.332800 ms (FindLiveObjects: 0.185600 ms CreateObjectMapping: 0.081000 ms MarkObjects: 5.035400 ms  DeleteObjects: 0.029600 ms)

========================================================================
Received Prepare
Registering precompiled user dll's ...
Registered in 0.002150 seconds.
Begin MonoManager ReloadAssembly
Native extension for WindowsStandalone target not found
Native extension for WebGL target not found
Refreshing native plugins compatible for Editor in 0.54 ms, found 0 plugins.
Preloading 0 native plugins for Editor in 0.00 ms.
Mono: successfully reloaded assembly
- Completed reload, in  0.887 seconds
Platform modules already initialized, skipping
Refreshing native plugins compatible for Editor in 0.53 ms, found 0 plugins.
Preloading 0 native plugins for Editor in 0.00 ms.
Unloading 1805 Unused Serialized files (Serialized files now loaded: 0)
System memory in use before: 82.0 MB.
System memory in use after: 82.1 MB.

Unloading 44 unused Assets to reduce memory usage. Loaded Objects now: 2274.
Total: 4.290100 ms (FindLiveObjects: 0.130200 ms CreateObjectMapping: 0.039900 ms MarkObjects: 4.092700 ms  DeleteObjects: 0.025700 ms)

========================================================================
Received Prepare
Registering precompiled user dll's ...
Registered in 0.002228 seconds.
Begin MonoManager ReloadAssembly
Native extension for WindowsStandalone target not found
Native extension for WebGL target not found
Refreshing native plugins compatible for Editor in 0.55 ms, found 0 plugins.
Preloading 0 native plugins for Editor in 0.00 ms.
Mono: successfully reloaded assembly
- Completed reload, in  0.849 seconds
Platform modules already initialized, skipping
Refreshing native plugins compatible for Editor in 0.64 ms, found 0 plugins.
Preloading 0 native plugins for Editor in 0.00 ms.
Unloading 1805 Unused Serialized files (Serialized files now loaded: 0)
System memory in use before: 82.0 MB.
System memory in use after: 82.1 MB.

Unloading 44 unused Assets to reduce memory usage. Loaded Objects now: 2277.
Total: 8.520400 ms (FindLiveObjects: 0.218000 ms CreateObjectMapping: 0.079400 ms MarkObjects: 8.156300 ms  DeleteObjects: 0.064300 ms)

========================================================================
Received Prepare
Registering precompiled user dll's ...
Registered in 0.001972 seconds.
Begin MonoManager ReloadAssembly
Native extension for WindowsStandalone target not found
Native extension for WebGL target not found
Refreshing native plugins compatible for Editor in 0.48 ms, found 0 plugins.
Preloading 0 native plugins for Editor in 0.00 ms.
Mono: successfully reloaded assembly
- Completed reload, in  0.804 seconds
Platform modules already initialized, skipping
Refreshing native plugins compatible for Editor in 0.50 ms, found 0 plugins.
Preloading 0 native plugins for Editor in 0.00 ms.
Unloading 1805 Unused Serialized files (Serialized files now loaded: 0)
System memory in use before: 82.0 MB.
System memory in use after: 82.1 MB.

Unloading 44 unused Assets to reduce memory usage. Loaded Objects now: 2280.
Total: 5.749800 ms (FindLiveObjects: 0.108000 ms CreateObjectMapping: 0.040700 ms MarkObjects: 5.550400 ms  DeleteObjects: 0.049400 ms)

========================================================================
Received Prepare
Registering precompiled user dll's ...
Registered in 0.002201 seconds.
Begin MonoManager ReloadAssembly
Native extension for WindowsStandalone target not found
Native extension for WebGL target not found
Refreshing native plugins compatible for Editor in 0.77 ms, found 0 plugins.
Preloading 0 native plugins for Editor in 0.00 ms.
Mono: successfully reloaded assembly
- Completed reload, in  0.817 seconds
Platform modules already initialized, skipping
Refreshing native plugins compatible for Editor in 0.66 ms, found 0 plugins.
Preloading 0 native plugins for Editor in 0.00 ms.
Unloading 1805 Unused Serialized files (Serialized files now loaded: 0)
System memory in use before: 82.0 MB.
System memory in use after: 82.1 MB.

Unloading 44 unused Assets to reduce memory usage. Loaded Objects now: 2283.
Total: 6.392000 ms (FindLiveObjects: 0.143100 ms CreateObjectMapping: 0.046000 ms MarkObjects: 6.171400 ms  DeleteObjects: 0.029600 ms)

========================================================================
Received Prepare
Registering precompiled user dll's ...
Registered in 0.002105 seconds.
Begin MonoManager ReloadAssembly
Native extension for WindowsStandalone target not found
Native extension for WebGL target not found
Refreshing native plugins compatible for Editor in 0.48 ms, found 0 plugins.
Preloading 0 native plugins for Editor in 0.00 ms.
Mono: successfully reloaded assembly
- Completed reload, in  0.877 seconds
Platform modules already initialized, skipping
Refreshing native plugins compatible for Editor in 0.52 ms, found 0 plugins.
Preloading 0 native plugins for Editor in 0.00 ms.
Unloading 1805 Unused Serialized files (Serialized files now loaded: 0)
System memory in use before: 82.0 MB.
System memory in use after: 82.1 MB.

Unloading 44 unused Assets to reduce memory usage. Loaded Objects now: 2286.
Total: 4.149200 ms (FindLiveObjects: 0.119100 ms CreateObjectMapping: 0.033300 ms MarkObjects: 3.955200 ms  DeleteObjects: 0.040300 ms)

========================================================================
Received Prepare
Registering precompiled user dll's ...
Registered in 0.002447 seconds.
Begin MonoManager ReloadAssembly
Native extension for WindowsStandalone target not found
Native extension for WebGL target not found
Refreshing native plugins compatible for Editor in 0.50 ms, found 0 plugins.
Preloading 0 native plugins for Editor in 0.00 ms.
Mono: successfully reloaded assembly
- Completed reload, in  0.834 seconds
Platform modules already initialized, skipping
Refreshing native plugins compatible for Editor in 0.76 ms, found 0 plugins.
Preloading 0 native plugins for Editor in 0.00 ms.
Unloading 1805 Unused Serialized files (Serialized files now loaded: 0)
System memory in use before: 82.0 MB.
System memory in use after: 82.1 MB.

Unloading 44 unused Assets to reduce memory usage. Loaded Objects now: 2289.
Total: 3.941900 ms (FindLiveObjects: 0.109600 ms CreateObjectMapping: 0.035600 ms MarkObjects: 3.770300 ms  DeleteObjects: 0.024800 ms)

========================================================================
Received Prepare
Registering precompiled user dll's ...
Registered in 0.002313 seconds.
Begin MonoManager ReloadAssembly
Native extension for WindowsStandalone target not found
Native extension for WebGL target not found
Refreshing native plugins compatible for Editor in 0.52 ms, found 0 plugins.
Preloading 0 native plugins for Editor in 0.00 ms.
Mono: successfully reloaded assembly
- Completed reload, in  0.862 seconds
Platform modules already initialized, skipping
Refreshing native plugins compatible for Editor in 0.94 ms, found 0 plugins.
Preloading 0 native plugins for Editor in 0.00 ms.
Unloading 1805 Unused Serialized files (Serialized files now loaded: 0)
System memory in use before: 82.0 MB.
System memory in use after: 82.1 MB.

Unloading 44 unused Assets to reduce memory usage. Loaded Objects now: 2292.
Total: 4.162600 ms (FindLiveObjects: 0.112000 ms CreateObjectMapping: 0.032000 ms MarkObjects: 3.993700 ms  DeleteObjects: 0.023800 ms)

========================================================================
Received Prepare
Registering precompiled user dll's ...
Registered in 0.002163 seconds.
Begin MonoManager ReloadAssembly
Native extension for WindowsStandalone target not found
Native extension for WebGL target not found
Refreshing native plugins compatible for Editor in 0.87 ms, found 0 plugins.
Preloading 0 native plugins for Editor in 0.00 ms.
Mono: successfully reloaded assembly
- Completed reload, in  0.871 seconds
Platform modules already initialized, skipping
Refreshing native plugins compatible for Editor in 0.50 ms, found 0 plugins.
Preloading 0 native plugins for Editor in 0.00 ms.
Unloading 1805 Unused Serialized files (Serialized files now loaded: 0)
System memory in use before: 82.0 MB.
System memory in use after: 82.1 MB.

Unloading 44 unused Assets to reduce memory usage. Loaded Objects now: 2295.
Total: 5.923300 ms (FindLiveObjects: 0.114400 ms CreateObjectMapping: 0.038000 ms MarkObjects: 5.743800 ms  DeleteObjects: 0.025700 ms)

========================================================================
Received Prepare
Registering precompiled user dll's ...
Registered in 0.002515 seconds.
Begin MonoManager ReloadAssembly
Native extension for WindowsStandalone target not found
Native extension for WebGL target not found
Refreshing native plugins compatible for Editor in 0.47 ms, found 0 plugins.
Preloading 0 native plugins for Editor in 0.00 ms.
Mono: successfully reloaded assembly
- Completed reload, in  0.713 seconds
Platform modules already initialized, skipping
Refreshing native plugins compatible for Editor in 0.77 ms, found 0 plugins.
Preloading 0 native plugins for Editor in 0.00 ms.
Unloading 1805 Unused Serialized files (Serialized files now loaded: 0)
System memory in use before: 82.0 MB.
System memory in use after: 82.2 MB.

Unloading 44 unused Assets to reduce memory usage. Loaded Objects now: 2298.
Total: 6.653300 ms (FindLiveObjects: 0.219400 ms CreateObjectMapping: 0.096900 ms MarkObjects: 6.279100 ms  DeleteObjects: 0.054900 ms)

========================================================================
Received Prepare
Registering precompiled user dll's ...
Registered in 0.002370 seconds.
Begin MonoManager ReloadAssembly
Native extension for WindowsStandalone target not found
Native extension for WebGL target not found
Refreshing native plugins compatible for Editor in 0.48 ms, found 0 plugins.
Preloading 0 native plugins for Editor in 0.00 ms.
Mono: successfully reloaded assembly
- Completed reload, in  0.720 seconds
Platform modules already initialized, skipping
Refreshing native plugins compatible for Editor in 0.46 ms, found 0 plugins.
Preloading 0 native plugins for Editor in 0.00 ms.
Unloading 1805 Unused Serialized files (Serialized files now loaded: 0)
System memory in use before: 82.0 MB.
System memory in use after: 82.2 MB.

Unloading 44 unused Assets to reduce memory usage. Loaded Objects now: 2301.
Total: 5.037600 ms (FindLiveObjects: 0.112100 ms CreateObjectMapping: 0.039900 ms MarkObjects: 4.840500 ms  DeleteObjects: 0.043600 ms)

AssetImportWorkerClient::OnTransportError - code=2 error=End of file
