Using pre-set license
Built from '2021.1/staging' branch; Version is '2021.1.7f1 (d91830b65d9b) revision 14227504'; Using compiler version '192528614'; Build Type 'Release'
OS: 'Windows 10 Pro; OS build 19042.1526; Version 2009; 64bit' Language: 'en' Physical Memory: 32694 MB
BatchMode: 1, IsHumanControllingUs: 0, StartBugReporterOnCrash: 0, Is64bit: 1, IsPro: 0

 COMMAND LINE ARGUMENTS:
C:\Program Files\Unity\Hub\Editor\2021.1.7f1\Editor\Unity.exe
-adb2
-batchMode
-noUpm
-name
AssetImportWorker0
-projectPath
C:/Users/Hoang/OneDrive/Desktop/Game-Dev-Decal/GameDev_Decal/AnimatorAndBlendTreesLab-master/Animator and Blend Trees Lab
-logFile
Logs/AssetImportWorker0.log
-srvPort
50758
Successfully changed project path to: C:/Users/Hoang/OneDrive/Desktop/Game-Dev-Decal/GameDev_Decal/AnimatorAndBlendTreesLab-master/Animator and Blend Trees Lab
C:/Users/Hoang/OneDrive/Desktop/Game-Dev-Decal/GameDev_Decal/AnimatorAndBlendTreesLab-master/Animator and Blend Trees Lab
Using Asset Import Pipeline V2.
Refreshing native plugins compatible for Editor in 43.10 ms, found 0 plugins.
Preloading 0 native plugins for Editor in 0.00 ms.
Initialize engine version: 2021.1.7f1 (d91830b65d9b)
[Subsystems] Discovering subsystems at path C:/Program Files/Unity/Hub/Editor/2021.1.7f1/Editor/Data/Resources/UnitySubsystems
[Subsystems] Discovering subsystems at path C:/Users/Hoang/OneDrive/Desktop/Game-Dev-Decal/GameDev_Decal/AnimatorAndBlendTreesLab-master/Animator and Blend Trees Lab/Assets
GfxDevice: creating device client; threaded=0; jobified=0
Direct3D:
    Version:  Direct3D 11.0 [level 11.1]
    Renderer: NVIDIA GeForce GTX 1070 (ID=0x1b81)
    Vendor:   NVIDIA
    VRAM:     8088 MB
    Driver:   30.0.14.9649
Initialize mono
Mono path[0] = 'C:/Program Files/Unity/Hub/Editor/2021.1.7f1/Editor/Data/Managed'
Mono path[1] = 'C:/Program Files/Unity/Hub/Editor/2021.1.7f1/Editor/Data/MonoBleedingEdge/lib/mono/unityjit'
Mono config path = 'C:/Program Files/Unity/Hub/Editor/2021.1.7f1/Editor/Data/MonoBleedingEdge/etc'
Using monoOptions --debugger-agent=transport=dt_socket,embedding=1,server=y,suspend=n,address=127.0.0.1:56696
Begin MonoManager ReloadAssembly
Registering precompiled unity dll's ...
Register platform support module: C:/Program Files/Unity/Hub/Editor/2021.1.7f1/Editor/Data/PlaybackEngines/WebGLSupport/UnityEditor.WebGL.Extensions.dll
Register platform support module: C:/Program Files/Unity/Hub/Editor/2021.1.7f1/Editor/Data/PlaybackEngines/WindowsStandaloneSupport/UnityEditor.WindowsStandalone.Extensions.dll
Registered in 0.001989 seconds.
Native extension for WindowsStandalone target not found
Native extension for WebGL target not found
Refreshing native plugins compatible for Editor in 38.81 ms, found 0 plugins.
Preloading 0 native plugins for Editor in 0.00 ms.
Mono: successfully reloaded assembly
- Completed reload, in  1.062 seconds
Platform modules already initialized, skipping
Registering precompiled user dll's ...
Registered in 0.001706 seconds.
Begin MonoManager ReloadAssembly
Native extension for WindowsStandalone target not found
Native extension for WebGL target not found
Refreshing native plugins compatible for Editor in 0.51 ms, found 0 plugins.
Preloading 0 native plugins for Editor in 0.00 ms.
Mono: successfully reloaded assembly
- Completed reload, in  0.783 seconds
Platform modules already initialized, skipping
========================================================================
Worker process is ready to serve import requests
Launched and connected shader compiler UnityShaderCompiler.exe after 0.07 seconds
Refreshing native plugins compatible for Editor in 0.49 ms, found 0 plugins.
Preloading 0 native plugins for Editor in 0.00 ms.
Unloading 1654 Unused Serialized files (Serialized files now loaded: 0)
System memory in use before: 72.6 MB.
System memory in use after: 72.7 MB.

Unloading 49 unused Assets to reduce memory usage. Loaded Objects now: 2081.
Total: 4.823900 ms (FindLiveObjects: 0.134800 ms CreateObjectMapping: 0.043600 ms MarkObjects: 4.586100 ms  DeleteObjects: 0.058600 ms)

========================================================================
Received Import Request.
  path: Assets/Blend Trees/Animations/Player.controller
  artifactKey: Guid(a10bb6f34d1cb1c4c87d5a8ae05513e2) Importer(815301076,1909f56bfc062723c751e8b465ee728b)
Start importing Assets/Blend Trees/Animations/Player.controller using Guid(a10bb6f34d1cb1c4c87d5a8ae05513e2) Importer(815301076,1909f56bfc062723c751e8b465ee728b)  -> (artifact id: 'f126f44e9c381761b3c230b64f8a7edf') in 0.042601 seconds 
========================================================================
Received Prepare
Registering precompiled user dll's ...
Registered in 0.001736 seconds.
Begin MonoManager ReloadAssembly
Native extension for WindowsStandalone target not found
Native extension for WebGL target not found
Refreshing native plugins compatible for Editor in 0.52 ms, found 0 plugins.
Preloading 0 native plugins for Editor in 0.00 ms.
Mono: successfully reloaded assembly
- Completed reload, in  0.763 seconds
Platform modules already initialized, skipping
Refreshing native plugins compatible for Editor in 0.52 ms, found 0 plugins.
Preloading 0 native plugins for Editor in 0.00 ms.
Unloading 1649 Unused Serialized files (Serialized files now loaded: 0)
System memory in use before: 72.6 MB.
System memory in use after: 72.7 MB.

Unloading 40 unused Assets to reduce memory usage. Loaded Objects now: 2084.
Total: 5.166400 ms (FindLiveObjects: 0.155600 ms CreateObjectMapping: 0.043600 ms MarkObjects: 4.943300 ms  DeleteObjects: 0.022600 ms)

========================================================================
Received Import Request.
  Time since last request: 328.879929 seconds.
  path: Assets/Blend Trees/Animations/Walking/walk_NW.anim
  artifactKey: Guid(ae65aaffd55cc4c468aba002215b4e24) Importer(815301076,1909f56bfc062723c751e8b465ee728b)
Start importing Assets/Blend Trees/Animations/Walking/walk_NW.anim using Guid(ae65aaffd55cc4c468aba002215b4e24) Importer(815301076,1909f56bfc062723c751e8b465ee728b)  -> (artifact id: '610d840ff070c9a5da5b04268a71c825') in 0.016140 seconds 
========================================================================
Received Prepare
Registering precompiled user dll's ...
Registered in 0.001694 seconds.
Begin MonoManager ReloadAssembly
Native extension for WindowsStandalone target not found
Native extension for WebGL target not found
Refreshing native plugins compatible for Editor in 0.54 ms, found 0 plugins.
Preloading 0 native plugins for Editor in 0.00 ms.
Mono: successfully reloaded assembly
- Completed reload, in  0.776 seconds
Platform modules already initialized, skipping
Refreshing native plugins compatible for Editor in 0.53 ms, found 0 plugins.
Preloading 0 native plugins for Editor in 0.00 ms.
Unloading 1649 Unused Serialized files (Serialized files now loaded: 0)
System memory in use before: 72.6 MB.
System memory in use after: 72.8 MB.

Unloading 40 unused Assets to reduce memory usage. Loaded Objects now: 2087.
Total: 5.050600 ms (FindLiveObjects: 0.208900 ms CreateObjectMapping: 0.048800 ms MarkObjects: 4.769200 ms  DeleteObjects: 0.022600 ms)

========================================================================
Received Prepare
Registering precompiled user dll's ...
Registered in 0.001708 seconds.
Begin MonoManager ReloadAssembly
Native extension for WindowsStandalone target not found
Native extension for WebGL target not found
Refreshing native plugins compatible for Editor in 0.51 ms, found 0 plugins.
Preloading 0 native plugins for Editor in 0.00 ms.
Mono: successfully reloaded assembly
- Completed reload, in  0.749 seconds
Platform modules already initialized, skipping
Refreshing native plugins compatible for Editor in 0.46 ms, found 0 plugins.
Preloading 0 native plugins for Editor in 0.00 ms.
Unloading 1649 Unused Serialized files (Serialized files now loaded: 0)
System memory in use before: 72.7 MB.
System memory in use after: 72.8 MB.

Unloading 40 unused Assets to reduce memory usage. Loaded Objects now: 2090.
Total: 5.074300 ms (FindLiveObjects: 0.125300 ms CreateObjectMapping: 0.035400 ms MarkObjects: 4.884200 ms  DeleteObjects: 0.028400 ms)

========================================================================
Received Prepare
Registering precompiled user dll's ...
Registered in 0.001671 seconds.
Begin MonoManager ReloadAssembly
Native extension for WindowsStandalone target not found
Native extension for WebGL target not found
Refreshing native plugins compatible for Editor in 0.54 ms, found 0 plugins.
Preloading 0 native plugins for Editor in 0.00 ms.
Mono: successfully reloaded assembly
- Completed reload, in  0.791 seconds
Platform modules already initialized, skipping
Refreshing native plugins compatible for Editor in 0.55 ms, found 0 plugins.
Preloading 0 native plugins for Editor in 0.00 ms.
Unloading 1649 Unused Serialized files (Serialized files now loaded: 0)
System memory in use before: 72.7 MB.
System memory in use after: 72.8 MB.

Unloading 40 unused Assets to reduce memory usage. Loaded Objects now: 2093.
Total: 5.204100 ms (FindLiveObjects: 0.139300 ms CreateObjectMapping: 0.034600 ms MarkObjects: 5.006100 ms  DeleteObjects: 0.022900 ms)

========================================================================
Received Prepare
Registering precompiled user dll's ...
Registered in 0.001690 seconds.
Begin MonoManager ReloadAssembly
Native extension for WindowsStandalone target not found
Native extension for WebGL target not found
Refreshing native plugins compatible for Editor in 0.55 ms, found 0 plugins.
Preloading 0 native plugins for Editor in 0.00 ms.
Mono: successfully reloaded assembly
- Completed reload, in  0.778 seconds
Platform modules already initialized, skipping
Refreshing native plugins compatible for Editor in 0.53 ms, found 0 plugins.
Preloading 0 native plugins for Editor in 0.00 ms.
Unloading 1649 Unused Serialized files (Serialized files now loaded: 0)
System memory in use before: 72.7 MB.
System memory in use after: 72.8 MB.

Unloading 40 unused Assets to reduce memory usage. Loaded Objects now: 2096.
Total: 5.190500 ms (FindLiveObjects: 0.125600 ms CreateObjectMapping: 0.034100 ms MarkObjects: 5.005600 ms  DeleteObjects: 0.023700 ms)

========================================================================
Received Prepare
Registering precompiled user dll's ...
Registered in 0.001778 seconds.
Begin MonoManager ReloadAssembly
Native extension for WindowsStandalone target not found
Native extension for WebGL target not found
Refreshing native plugins compatible for Editor in 0.52 ms, found 0 plugins.
Preloading 0 native plugins for Editor in 0.00 ms.
Mono: successfully reloaded assembly
- Completed reload, in  0.756 seconds
Platform modules already initialized, skipping
Refreshing native plugins compatible for Editor in 0.40 ms, found 0 plugins.
Preloading 0 native plugins for Editor in 0.00 ms.
Unloading 1649 Unused Serialized files (Serialized files now loaded: 0)
System memory in use before: 72.7 MB.
System memory in use after: 72.8 MB.

Unloading 40 unused Assets to reduce memory usage. Loaded Objects now: 2099.
Total: 4.989200 ms (FindLiveObjects: 0.132600 ms CreateObjectMapping: 0.036100 ms MarkObjects: 4.794500 ms  DeleteObjects: 0.025100 ms)

========================================================================
Received Prepare
Registering precompiled user dll's ...
Registered in 0.001752 seconds.
Begin MonoManager ReloadAssembly
Native extension for WindowsStandalone target not found
Native extension for WebGL target not found
Refreshing native plugins compatible for Editor in 0.53 ms, found 0 plugins.
Preloading 0 native plugins for Editor in 0.00 ms.
Mono: successfully reloaded assembly
- Completed reload, in  0.749 seconds
Platform modules already initialized, skipping
Refreshing native plugins compatible for Editor in 0.52 ms, found 0 plugins.
Preloading 0 native plugins for Editor in 0.00 ms.
Unloading 1649 Unused Serialized files (Serialized files now loaded: 0)
System memory in use before: 72.7 MB.
System memory in use after: 72.8 MB.

Unloading 40 unused Assets to reduce memory usage. Loaded Objects now: 2102.
Total: 5.048100 ms (FindLiveObjects: 0.121300 ms CreateObjectMapping: 0.132300 ms MarkObjects: 4.773300 ms  DeleteObjects: 0.020200 ms)

========================================================================
Received Import Request.
  Time since last request: 214.381137 seconds.
  path: Assets/Blend Trees/Animations/Player.controller
  artifactKey: Guid(a10bb6f34d1cb1c4c87d5a8ae05513e2) Importer(815301076,1909f56bfc062723c751e8b465ee728b)
Start importing Assets/Blend Trees/Animations/Player.controller using Guid(a10bb6f34d1cb1c4c87d5a8ae05513e2) Importer(815301076,1909f56bfc062723c751e8b465ee728b)  -> (artifact id: '0eef1e38a93a6af7f36f2b6ab398a905') in 0.016183 seconds 
========================================================================
Received Prepare
Registering precompiled user dll's ...
Registered in 0.002047 seconds.
Begin MonoManager ReloadAssembly
Native extension for WindowsStandalone target not found
Native extension for WebGL target not found
Refreshing native plugins compatible for Editor in 0.52 ms, found 0 plugins.
Preloading 0 native plugins for Editor in 0.00 ms.
Mono: successfully reloaded assembly
- Completed reload, in  0.778 seconds
Platform modules already initialized, skipping
Refreshing native plugins compatible for Editor in 0.52 ms, found 0 plugins.
Preloading 0 native plugins for Editor in 0.00 ms.
Unloading 1649 Unused Serialized files (Serialized files now loaded: 0)
System memory in use before: 72.7 MB.
System memory in use after: 72.8 MB.

Unloading 40 unused Assets to reduce memory usage. Loaded Objects now: 2105.
Total: 4.832700 ms (FindLiveObjects: 0.148300 ms CreateObjectMapping: 0.038900 ms MarkObjects: 4.626400 ms  DeleteObjects: 0.018000 ms)

========================================================================
Received Prepare
Registering precompiled user dll's ...
Registered in 0.001695 seconds.
Begin MonoManager ReloadAssembly
Native extension for WindowsStandalone target not found
Native extension for WebGL target not found
Refreshing native plugins compatible for Editor in 0.55 ms, found 0 plugins.
Preloading 0 native plugins for Editor in 0.00 ms.
Mono: successfully reloaded assembly
- Completed reload, in  0.786 seconds
Platform modules already initialized, skipping
Refreshing native plugins compatible for Editor in 0.64 ms, found 0 plugins.
Preloading 0 native plugins for Editor in 0.00 ms.
Unloading 1649 Unused Serialized files (Serialized files now loaded: 0)
System memory in use before: 72.7 MB.
System memory in use after: 72.8 MB.

Unloading 40 unused Assets to reduce memory usage. Loaded Objects now: 2108.
Total: 7.477400 ms (FindLiveObjects: 0.192000 ms CreateObjectMapping: 0.053300 ms MarkObjects: 7.197000 ms  DeleteObjects: 0.032900 ms)

AssetImportWorkerClient::OnTransportError - code=2 error=End of file
