Using pre-set license
Built from '2021.1/staging' branch; Version is '2021.1.7f1 (d91830b65d9b) revision 14227504'; Using compiler version '192528614'; Build Type 'Release'
OS: 'Windows 10 Pro; OS build 19042.1526; Version 2009; 64bit' Language: 'en' Physical Memory: 32694 MB
BatchMode: 1, IsHumanControllingUs: 0, StartBugReporterOnCrash: 0, Is64bit: 1, IsPro: 0

 COMMAND LINE ARGUMENTS:
C:\Program Files\Unity\Hub\Editor\2021.1.7f1\Editor\Unity.exe
-adb2
-batchMode
-noUpm
-name
AssetImportWorker0
-projectPath
C:/Users/Hoang/OneDrive/Desktop/Game-Dev-Decal/GameDev_Decal/CollidersRigidbodyLab-main
-logFile
Logs/AssetImportWorker0.log
-srvPort
60297
Successfully changed project path to: C:/Users/Hoang/OneDrive/Desktop/Game-Dev-Decal/GameDev_Decal/CollidersRigidbodyLab-main
C:/Users/Hoang/OneDrive/Desktop/Game-Dev-Decal/GameDev_Decal/CollidersRigidbodyLab-main
Using Asset Import Pipeline V2.
Refreshing native plugins compatible for Editor in 217.25 ms, found 0 plugins.
Preloading 0 native plugins for Editor in 0.00 ms.
Initialize engine version: 2021.1.7f1 (d91830b65d9b)
[Subsystems] Discovering subsystems at path C:/Program Files/Unity/Hub/Editor/2021.1.7f1/Editor/Data/Resources/UnitySubsystems
[Subsystems] Discovering subsystems at path C:/Users/Hoang/OneDrive/Desktop/Game-Dev-Decal/GameDev_Decal/CollidersRigidbodyLab-main/Assets
GfxDevice: creating device client; threaded=0; jobified=0
Direct3D:
    Version:  Direct3D 11.0 [level 11.1]
    Renderer: NVIDIA GeForce GTX 1070 (ID=0x1b81)
    Vendor:   NVIDIA
    VRAM:     8088 MB
    Driver:   30.0.14.9649
Initialize mono
Mono path[0] = 'C:/Program Files/Unity/Hub/Editor/2021.1.7f1/Editor/Data/Managed'
Mono path[1] = 'C:/Program Files/Unity/Hub/Editor/2021.1.7f1/Editor/Data/MonoBleedingEdge/lib/mono/unityjit'
Mono config path = 'C:/Program Files/Unity/Hub/Editor/2021.1.7f1/Editor/Data/MonoBleedingEdge/etc'
Using monoOptions --debugger-agent=transport=dt_socket,embedding=1,server=y,suspend=n,address=127.0.0.1:56636
Begin MonoManager ReloadAssembly
Registering precompiled unity dll's ...
Register platform support module: C:/Program Files/Unity/Hub/Editor/2021.1.7f1/Editor/Data/PlaybackEngines/WebGLSupport/UnityEditor.WebGL.Extensions.dll
Register platform support module: C:/Program Files/Unity/Hub/Editor/2021.1.7f1/Editor/Data/PlaybackEngines/WindowsStandaloneSupport/UnityEditor.WindowsStandalone.Extensions.dll
Registered in 0.189801 seconds.
Native extension for WindowsStandalone target not found
Native extension for WebGL target not found
Refreshing native plugins compatible for Editor in 37.78 ms, found 0 plugins.
Preloading 0 native plugins for Editor in 0.00 ms.
Mono: successfully reloaded assembly
- Completed reload, in  4.853 seconds
Platform modules already initialized, skipping
Registering precompiled user dll's ...
Registered in 0.277084 seconds.
Begin MonoManager ReloadAssembly
Native extension for WindowsStandalone target not found
Native extension for WebGL target not found
Refreshing native plugins compatible for Editor in 0.54 ms, found 0 plugins.
Preloading 0 native plugins for Editor in 0.00 ms.
Mono: successfully reloaded assembly
- Completed reload, in  2.608 seconds
Platform modules already initialized, skipping
========================================================================
Worker process is ready to serve import requests
Launched and connected shader compiler UnityShaderCompiler.exe after 0.07 seconds
Refreshing native plugins compatible for Editor in 0.53 ms, found 0 plugins.
Preloading 0 native plugins for Editor in 0.00 ms.
Unloading 1813 Unused Serialized files (Serialized files now loaded: 0)
System memory in use before: 78.9 MB.
System memory in use after: 78.9 MB.

Unloading 53 unused Assets to reduce memory usage. Loaded Objects now: 2236.
Total: 5.296700 ms (FindLiveObjects: 0.136200 ms CreateObjectMapping: 0.042600 ms MarkObjects: 5.049900 ms  DeleteObjects: 0.066700 ms)

========================================================================
Received Import Request.
  path: Assets/Scripts/Collider/PlayerControllerTask1.cs
  artifactKey: Guid(1c021eea61dbc4138a40331dbdeef568) Importer(815301076,1909f56bfc062723c751e8b465ee728b)
Start importing Assets/Scripts/Collider/PlayerControllerTask1.cs using Guid(1c021eea61dbc4138a40331dbdeef568) Importer(815301076,1909f56bfc062723c751e8b465ee728b)  -> (artifact id: '42306598d9e216ee33a1101413bc29f2') in 0.046266 seconds 
========================================================================
Received Prepare
Registering precompiled user dll's ...
Registered in 0.003287 seconds.
Begin MonoManager ReloadAssembly
Native extension for WindowsStandalone target not found
Native extension for WebGL target not found
Refreshing native plugins compatible for Editor in 0.56 ms, found 0 plugins.
Preloading 0 native plugins for Editor in 0.00 ms.
Mono: successfully reloaded assembly
- Completed reload, in  0.795 seconds
Platform modules already initialized, skipping
Refreshing native plugins compatible for Editor in 0.83 ms, found 0 plugins.
Preloading 0 native plugins for Editor in 0.00 ms.
Unloading 1807 Unused Serialized files (Serialized files now loaded: 0)
System memory in use before: 78.6 MB.
System memory in use after: 78.7 MB.

Unloading 44 unused Assets to reduce memory usage. Loaded Objects now: 2239.
Total: 4.764500 ms (FindLiveObjects: 0.151000 ms CreateObjectMapping: 0.040700 ms MarkObjects: 4.548000 ms  DeleteObjects: 0.023500 ms)

========================================================================
Received Import Request.
  Time since last request: 774.681328 seconds.
  path: Assets/Scripts/Collider/PlayerControllerTask1.cs
  artifactKey: Guid(1c021eea61dbc4138a40331dbdeef568) Importer(815301076,1909f56bfc062723c751e8b465ee728b)
Start importing Assets/Scripts/Collider/PlayerControllerTask1.cs using Guid(1c021eea61dbc4138a40331dbdeef568) Importer(815301076,1909f56bfc062723c751e8b465ee728b)  -> (artifact id: 'd58985caaaccbceccfe27204ab6cc26f') in 0.008399 seconds 
========================================================================
Received Prepare
Registering precompiled user dll's ...
Registered in 0.003139 seconds.
Begin MonoManager ReloadAssembly
Native extension for WindowsStandalone target not found
Native extension for WebGL target not found
Refreshing native plugins compatible for Editor in 0.58 ms, found 0 plugins.
Preloading 0 native plugins for Editor in 0.00 ms.
Mono: successfully reloaded assembly
- Completed reload, in  0.816 seconds
Platform modules already initialized, skipping
Refreshing native plugins compatible for Editor in 0.55 ms, found 0 plugins.
Preloading 0 native plugins for Editor in 0.00 ms.
Unloading 1807 Unused Serialized files (Serialized files now loaded: 0)
System memory in use before: 78.6 MB.
System memory in use after: 78.7 MB.

Unloading 44 unused Assets to reduce memory usage. Loaded Objects now: 2242.
Total: 5.063600 ms (FindLiveObjects: 0.151900 ms CreateObjectMapping: 0.039700 ms MarkObjects: 4.849300 ms  DeleteObjects: 0.021400 ms)

========================================================================
Received Prepare
Registering precompiled user dll's ...
Registered in 0.003166 seconds.
Begin MonoManager ReloadAssembly
Native extension for WindowsStandalone target not found
Native extension for WebGL target not found
Refreshing native plugins compatible for Editor in 0.56 ms, found 0 plugins.
Preloading 0 native plugins for Editor in 0.00 ms.
Mono: successfully reloaded assembly
- Completed reload, in  0.777 seconds
Platform modules already initialized, skipping
Refreshing native plugins compatible for Editor in 0.56 ms, found 0 plugins.
Preloading 0 native plugins for Editor in 0.00 ms.
Unloading 1807 Unused Serialized files (Serialized files now loaded: 0)
System memory in use before: 78.6 MB.
System memory in use after: 78.7 MB.

Unloading 44 unused Assets to reduce memory usage. Loaded Objects now: 2245.
Total: 5.179200 ms (FindLiveObjects: 0.129600 ms CreateObjectMapping: 0.047600 ms MarkObjects: 4.976000 ms  DeleteObjects: 0.024800 ms)

========================================================================
Received Import Request.
  Time since last request: 612.729873 seconds.
  path: Assets/Scripts/Collider/FeetColliderScript.cs
  artifactKey: Guid(ca89c7801c7644bf88e8841f2f124a3b) Importer(815301076,1909f56bfc062723c751e8b465ee728b)
Start importing Assets/Scripts/Collider/FeetColliderScript.cs using Guid(ca89c7801c7644bf88e8841f2f124a3b) Importer(815301076,1909f56bfc062723c751e8b465ee728b)  -> (artifact id: 'ae20f673f646f48992afea53d515f67d') in 0.010826 seconds 
========================================================================
Received Prepare
Registering precompiled user dll's ...
Registered in 0.003350 seconds.
Begin MonoManager ReloadAssembly
Native extension for WindowsStandalone target not found
Native extension for WebGL target not found
Refreshing native plugins compatible for Editor in 0.57 ms, found 0 plugins.
Preloading 0 native plugins for Editor in 0.00 ms.
Mono: successfully reloaded assembly
- Completed reload, in  0.778 seconds
Platform modules already initialized, skipping
Refreshing native plugins compatible for Editor in 0.51 ms, found 0 plugins.
Preloading 0 native plugins for Editor in 0.00 ms.
Unloading 1807 Unused Serialized files (Serialized files now loaded: 0)
System memory in use before: 78.6 MB.
System memory in use after: 78.8 MB.

Unloading 44 unused Assets to reduce memory usage. Loaded Objects now: 2248.
Total: 4.659600 ms (FindLiveObjects: 0.140600 ms CreateObjectMapping: 0.039300 ms MarkObjects: 4.459900 ms  DeleteObjects: 0.018600 ms)

========================================================================
Received Import Request.
  Time since last request: 14.740361 seconds.
  path: Assets/Scripts/Collider/PlayerControllerTask2.cs
  artifactKey: Guid(8ce0e5ca3a5e043bd9df5ad123b40662) Importer(815301076,1909f56bfc062723c751e8b465ee728b)
Start importing Assets/Scripts/Collider/PlayerControllerTask2.cs using Guid(8ce0e5ca3a5e043bd9df5ad123b40662) Importer(815301076,1909f56bfc062723c751e8b465ee728b)  -> (artifact id: 'af4658cccb5af0a316324938e35fa9c3') in 0.009881 seconds 
========================================================================
Received Prepare
Registering precompiled user dll's ...
Registered in 0.003843 seconds.
Begin MonoManager ReloadAssembly
Native extension for WindowsStandalone target not found
Native extension for WebGL target not found
Refreshing native plugins compatible for Editor in 0.61 ms, found 0 plugins.
Preloading 0 native plugins for Editor in 0.00 ms.
Mono: successfully reloaded assembly
- Completed reload, in  0.814 seconds
Platform modules already initialized, skipping
Refreshing native plugins compatible for Editor in 0.58 ms, found 0 plugins.
Preloading 0 native plugins for Editor in 0.00 ms.
Unloading 1807 Unused Serialized files (Serialized files now loaded: 0)
System memory in use before: 78.7 MB.
System memory in use after: 78.8 MB.

Unloading 44 unused Assets to reduce memory usage. Loaded Objects now: 2251.
Total: 4.979700 ms (FindLiveObjects: 0.231000 ms CreateObjectMapping: 0.057100 ms MarkObjects: 4.665100 ms  DeleteObjects: 0.024800 ms)

========================================================================
Received Import Request.
  Time since last request: 332.462204 seconds.
  path: Assets/Scripts/Collider/PlayerControllerTask2.cs
  artifactKey: Guid(8ce0e5ca3a5e043bd9df5ad123b40662) Importer(815301076,1909f56bfc062723c751e8b465ee728b)
Start importing Assets/Scripts/Collider/PlayerControllerTask2.cs using Guid(8ce0e5ca3a5e043bd9df5ad123b40662) Importer(815301076,1909f56bfc062723c751e8b465ee728b)  -> (artifact id: '12060791b25639b14f34c3b3b474416b') in 0.005153 seconds 
========================================================================
Received Prepare
Registering precompiled user dll's ...
Registered in 0.003174 seconds.
Begin MonoManager ReloadAssembly
Native extension for WindowsStandalone target not found
Native extension for WebGL target not found
Refreshing native plugins compatible for Editor in 0.56 ms, found 0 plugins.
Preloading 0 native plugins for Editor in 0.00 ms.
Mono: successfully reloaded assembly
- Completed reload, in  0.781 seconds
Platform modules already initialized, skipping
Refreshing native plugins compatible for Editor in 0.57 ms, found 0 plugins.
Preloading 0 native plugins for Editor in 0.00 ms.
Unloading 1807 Unused Serialized files (Serialized files now loaded: 0)
System memory in use before: 78.7 MB.
System memory in use after: 78.8 MB.

Unloading 44 unused Assets to reduce memory usage. Loaded Objects now: 2254.
Total: 4.913900 ms (FindLiveObjects: 0.149900 ms CreateObjectMapping: 0.040400 ms MarkObjects: 4.696400 ms  DeleteObjects: 0.025700 ms)

========================================================================
Received Import Request.
  Time since last request: 204.623726 seconds.
  path: Assets/Scripts/Collider/ShooterScript.cs
  artifactKey: Guid(2f39153cdc40d4e7db8fd654c6cafe57) Importer(815301076,1909f56bfc062723c751e8b465ee728b)
Start importing Assets/Scripts/Collider/ShooterScript.cs using Guid(2f39153cdc40d4e7db8fd654c6cafe57) Importer(815301076,1909f56bfc062723c751e8b465ee728b)  -> (artifact id: 'e580c058aab3e834b02df9a0631d1385') in 0.009401 seconds 
========================================================================
Received Prepare
Registering precompiled user dll's ...
Registered in 0.003615 seconds.
Begin MonoManager ReloadAssembly
Native extension for WindowsStandalone target not found
Native extension for WebGL target not found
Refreshing native plugins compatible for Editor in 0.58 ms, found 0 plugins.
Preloading 0 native plugins for Editor in 0.00 ms.
Mono: successfully reloaded assembly
- Completed reload, in  0.811 seconds
Platform modules already initialized, skipping
Refreshing native plugins compatible for Editor in 0.71 ms, found 0 plugins.
Preloading 0 native plugins for Editor in 0.00 ms.
Unloading 1807 Unused Serialized files (Serialized files now loaded: 0)
System memory in use before: 78.7 MB.
System memory in use after: 78.8 MB.

Unloading 44 unused Assets to reduce memory usage. Loaded Objects now: 2257.
Total: 4.701800 ms (FindLiveObjects: 0.144200 ms CreateObjectMapping: 0.040000 ms MarkObjects: 4.499200 ms  DeleteObjects: 0.017700 ms)

========================================================================
Received Import Request.
  Time since last request: 234.860474 seconds.
  path: Assets/Scripts/Collider/ShooterScript.cs
  artifactKey: Guid(2f39153cdc40d4e7db8fd654c6cafe57) Importer(815301076,1909f56bfc062723c751e8b465ee728b)
Start importing Assets/Scripts/Collider/ShooterScript.cs using Guid(2f39153cdc40d4e7db8fd654c6cafe57) Importer(815301076,1909f56bfc062723c751e8b465ee728b)  -> (artifact id: '6edf0db0fe0441b067b603cee6b93d1b') in 0.005006 seconds 
========================================================================
Received Prepare
Registering precompiled user dll's ...
Registered in 0.003268 seconds.
Begin MonoManager ReloadAssembly
Native extension for WindowsStandalone target not found
Native extension for WebGL target not found
Refreshing native plugins compatible for Editor in 0.58 ms, found 0 plugins.
Preloading 0 native plugins for Editor in 0.00 ms.
Mono: successfully reloaded assembly
- Completed reload, in  0.798 seconds
Platform modules already initialized, skipping
Refreshing native plugins compatible for Editor in 0.55 ms, found 0 plugins.
Preloading 0 native plugins for Editor in 0.00 ms.
Unloading 1807 Unused Serialized files (Serialized files now loaded: 0)
System memory in use before: 78.7 MB.
System memory in use after: 78.8 MB.

Unloading 44 unused Assets to reduce memory usage. Loaded Objects now: 2260.
Total: 5.176500 ms (FindLiveObjects: 0.152400 ms CreateObjectMapping: 0.041800 ms MarkObjects: 4.951600 ms  DeleteObjects: 0.029300 ms)

========================================================================
Received Import Request.
  Time since last request: 173.621440 seconds.
  path: Assets/Prefabs/Projectile.prefab
  artifactKey: Guid(00800a52ed98e4b90b6baf486e4105d8) Importer(815301076,1909f56bfc062723c751e8b465ee728b)
Start importing Assets/Prefabs/Projectile.prefab using Guid(00800a52ed98e4b90b6baf486e4105d8) Importer(815301076,1909f56bfc062723c751e8b465ee728b)  -> (artifact id: '87f695266fa29d5dada4f240177e1d58') in 0.091961 seconds 
========================================================================
Received Import Request.
  Time since last request: 0.514010 seconds.
  path: Assets/Prefabs/Bob the Ball.prefab
  artifactKey: Guid(10a580f49df5e8c4bad530d744f61bf9) Importer(815301076,1909f56bfc062723c751e8b465ee728b)
Start importing Assets/Prefabs/Bob the Ball.prefab using Guid(10a580f49df5e8c4bad530d744f61bf9) Importer(815301076,1909f56bfc062723c751e8b465ee728b)  -> (artifact id: '7ef71de8e5d717e55cb38071823dd15e') in 0.014857 seconds 
========================================================================
Received Prepare
Registering precompiled user dll's ...
Registered in 0.003264 seconds.
Begin MonoManager ReloadAssembly
Native extension for WindowsStandalone target not found
Native extension for WebGL target not found
Refreshing native plugins compatible for Editor in 0.55 ms, found 0 plugins.
Preloading 0 native plugins for Editor in 0.00 ms.
Mono: successfully reloaded assembly
- Completed reload, in  0.777 seconds
Platform modules already initialized, skipping
Refreshing native plugins compatible for Editor in 0.54 ms, found 0 plugins.
Preloading 0 native plugins for Editor in 0.00 ms.
Unloading 1807 Unused Serialized files (Serialized files now loaded: 0)
System memory in use before: 82.5 MB.
System memory in use after: 82.6 MB.

Unloading 46 unused Assets to reduce memory usage. Loaded Objects now: 2270.
Total: 4.828600 ms (FindLiveObjects: 0.140700 ms CreateObjectMapping: 0.037100 ms MarkObjects: 4.588400 ms  DeleteObjects: 0.060800 ms)

========================================================================
Received Import Request.
  Time since last request: 16.478064 seconds.
  path: Assets/Prefabs/Projectile.prefab
  artifactKey: Guid(00800a52ed98e4b90b6baf486e4105d8) Importer(815301076,1909f56bfc062723c751e8b465ee728b)
Start importing Assets/Prefabs/Projectile.prefab using Guid(00800a52ed98e4b90b6baf486e4105d8) Importer(815301076,1909f56bfc062723c751e8b465ee728b)  -> (artifact id: 'c6f364b4fabb4976fdc657b8ae9df8d3') in 0.043789 seconds 
========================================================================
Received Prepare
Registering precompiled user dll's ...
Registered in 0.003410 seconds.
Begin MonoManager ReloadAssembly
Native extension for WindowsStandalone target not found
Native extension for WebGL target not found
Refreshing native plugins compatible for Editor in 0.57 ms, found 0 plugins.
Preloading 0 native plugins for Editor in 0.00 ms.
Mono: successfully reloaded assembly
- Completed reload, in  0.779 seconds
Platform modules already initialized, skipping
Refreshing native plugins compatible for Editor in 0.55 ms, found 0 plugins.
Preloading 0 native plugins for Editor in 0.00 ms.
Unloading 1807 Unused Serialized files (Serialized files now loaded: 0)
System memory in use before: 82.5 MB.
System memory in use after: 82.6 MB.

Unloading 44 unused Assets to reduce memory usage. Loaded Objects now: 2274.
Total: 5.135200 ms (FindLiveObjects: 0.120100 ms CreateObjectMapping: 0.040400 ms MarkObjects: 4.948600 ms  DeleteObjects: 0.025000 ms)

========================================================================
Received Prepare
Registering precompiled user dll's ...
Registered in 0.003200 seconds.
Begin MonoManager ReloadAssembly
Native extension for WindowsStandalone target not found
Native extension for WebGL target not found
Refreshing native plugins compatible for Editor in 0.57 ms, found 0 plugins.
Preloading 0 native plugins for Editor in 0.00 ms.
Mono: successfully reloaded assembly
- Completed reload, in  0.783 seconds
Platform modules already initialized, skipping
Refreshing native plugins compatible for Editor in 0.54 ms, found 0 plugins.
Preloading 0 native plugins for Editor in 0.00 ms.
Unloading 1807 Unused Serialized files (Serialized files now loaded: 0)
System memory in use before: 82.5 MB.
System memory in use after: 82.6 MB.

Unloading 44 unused Assets to reduce memory usage. Loaded Objects now: 2277.
Total: 5.037800 ms (FindLiveObjects: 0.122100 ms CreateObjectMapping: 0.039500 ms MarkObjects: 4.850800 ms  DeleteObjects: 0.023700 ms)

========================================================================
Received Prepare
Registering precompiled user dll's ...
Registered in 0.003028 seconds.
Begin MonoManager ReloadAssembly
Native extension for WindowsStandalone target not found
Native extension for WebGL target not found
Refreshing native plugins compatible for Editor in 0.58 ms, found 0 plugins.
Preloading 0 native plugins for Editor in 0.00 ms.
Mono: successfully reloaded assembly
- Completed reload, in  0.786 seconds
Platform modules already initialized, skipping
Refreshing native plugins compatible for Editor in 0.60 ms, found 0 plugins.
Preloading 0 native plugins for Editor in 0.00 ms.
Unloading 1807 Unused Serialized files (Serialized files now loaded: 0)
System memory in use before: 82.5 MB.
System memory in use after: 82.6 MB.

Unloading 44 unused Assets to reduce memory usage. Loaded Objects now: 2280.
Total: 5.471400 ms (FindLiveObjects: 0.133400 ms CreateObjectMapping: 0.038300 ms MarkObjects: 5.276400 ms  DeleteObjects: 0.022300 ms)

========================================================================
Received Import Request.
  Time since last request: 3408.005185 seconds.
  path: Assets/Scripts/RigidBody/CircleMovement.cs
  artifactKey: Guid(621b9e050c912c54285d41bb6510e68c) Importer(815301076,1909f56bfc062723c751e8b465ee728b)
Start importing Assets/Scripts/RigidBody/CircleMovement.cs using Guid(621b9e050c912c54285d41bb6510e68c) Importer(815301076,1909f56bfc062723c751e8b465ee728b)  -> (artifact id: 'f9b7402d1e2a720b9fb78e9e993b8b36') in 0.009740 seconds 
========================================================================
Received Prepare
Registering precompiled user dll's ...
Registered in 0.003170 seconds.
Begin MonoManager ReloadAssembly
Native extension for WindowsStandalone target not found
Native extension for WebGL target not found
Refreshing native plugins compatible for Editor in 0.57 ms, found 0 plugins.
Preloading 0 native plugins for Editor in 0.00 ms.
Mono: successfully reloaded assembly
- Completed reload, in  0.782 seconds
Platform modules already initialized, skipping
Refreshing native plugins compatible for Editor in 0.55 ms, found 0 plugins.
Preloading 0 native plugins for Editor in 0.00 ms.
Unloading 1807 Unused Serialized files (Serialized files now loaded: 0)
System memory in use before: 82.5 MB.
System memory in use after: 82.7 MB.

Unloading 44 unused Assets to reduce memory usage. Loaded Objects now: 2283.
Total: 4.908700 ms (FindLiveObjects: 0.136100 ms CreateObjectMapping: 0.040800 ms MarkObjects: 4.712600 ms  DeleteObjects: 0.018300 ms)

========================================================================
Received Prepare
Registering precompiled user dll's ...
Registered in 0.003098 seconds.
Begin MonoManager ReloadAssembly
Native extension for WindowsStandalone target not found
Native extension for WebGL target not found
Refreshing native plugins compatible for Editor in 0.56 ms, found 0 plugins.
Preloading 0 native plugins for Editor in 0.00 ms.
Mono: successfully reloaded assembly
- Completed reload, in  0.799 seconds
Platform modules already initialized, skipping
Refreshing native plugins compatible for Editor in 0.53 ms, found 0 plugins.
Preloading 0 native plugins for Editor in 0.00 ms.
Unloading 1807 Unused Serialized files (Serialized files now loaded: 0)
System memory in use before: 82.6 MB.
System memory in use after: 82.7 MB.

Unloading 44 unused Assets to reduce memory usage. Loaded Objects now: 2286.
Total: 4.643300 ms (FindLiveObjects: 0.140800 ms CreateObjectMapping: 0.039500 ms MarkObjects: 4.445000 ms  DeleteObjects: 0.016900 ms)

========================================================================
Received Import Request.
  Time since last request: 1568.355527 seconds.
  path: Assets/Scripts/RigidBody/CircleMovement.cs
  artifactKey: Guid(621b9e050c912c54285d41bb6510e68c) Importer(815301076,1909f56bfc062723c751e8b465ee728b)
Start importing Assets/Scripts/RigidBody/CircleMovement.cs using Guid(621b9e050c912c54285d41bb6510e68c) Importer(815301076,1909f56bfc062723c751e8b465ee728b)  -> (artifact id: 'e9582b43bad895c40fa3a71680e06d28') in 0.005221 seconds 
========================================================================
Received Prepare
Registering precompiled user dll's ...
Registered in 0.003143 seconds.
Begin MonoManager ReloadAssembly
Native extension for WindowsStandalone target not found
Native extension for WebGL target not found
Refreshing native plugins compatible for Editor in 0.57 ms, found 0 plugins.
Preloading 0 native plugins for Editor in 0.00 ms.
Mono: successfully reloaded assembly
- Completed reload, in  0.837 seconds
Platform modules already initialized, skipping
Refreshing native plugins compatible for Editor in 0.56 ms, found 0 plugins.
Preloading 0 native plugins for Editor in 0.00 ms.
Unloading 1807 Unused Serialized files (Serialized files now loaded: 0)
System memory in use before: 82.6 MB.
System memory in use after: 82.7 MB.

Unloading 44 unused Assets to reduce memory usage. Loaded Objects now: 2289.
Total: 4.854100 ms (FindLiveObjects: 0.170000 ms CreateObjectMapping: 0.038600 ms MarkObjects: 4.620700 ms  DeleteObjects: 0.023500 ms)

========================================================================
Received Import Request.
  Time since last request: 47.714952 seconds.
  path: Assets/Scripts/RigidBody/CircleMovement.cs
  artifactKey: Guid(621b9e050c912c54285d41bb6510e68c) Importer(815301076,1909f56bfc062723c751e8b465ee728b)
Start importing Assets/Scripts/RigidBody/CircleMovement.cs using Guid(621b9e050c912c54285d41bb6510e68c) Importer(815301076,1909f56bfc062723c751e8b465ee728b)  -> (artifact id: 'd835c8278ba3547843fcf4ef54f23e62') in 0.005502 seconds 
========================================================================
Received Prepare
Registering precompiled user dll's ...
Registered in 0.003515 seconds.
Begin MonoManager ReloadAssembly
Native extension for WindowsStandalone target not found
Native extension for WebGL target not found
Refreshing native plugins compatible for Editor in 0.61 ms, found 0 plugins.
Preloading 0 native plugins for Editor in 0.00 ms.
Mono: successfully reloaded assembly
- Completed reload, in  0.811 seconds
Platform modules already initialized, skipping
Refreshing native plugins compatible for Editor in 0.57 ms, found 0 plugins.
Preloading 0 native plugins for Editor in 0.00 ms.
Unloading 1807 Unused Serialized files (Serialized files now loaded: 0)
System memory in use before: 82.6 MB.
System memory in use after: 82.7 MB.

Unloading 44 unused Assets to reduce memory usage. Loaded Objects now: 2292.
Total: 5.043100 ms (FindLiveObjects: 0.150200 ms CreateObjectMapping: 0.057700 ms MarkObjects: 4.815400 ms  DeleteObjects: 0.018500 ms)

========================================================================
Received Prepare
Registering precompiled user dll's ...
Registered in 0.003227 seconds.
Begin MonoManager ReloadAssembly
Native extension for WindowsStandalone target not found
Native extension for WebGL target not found
Refreshing native plugins compatible for Editor in 0.58 ms, found 0 plugins.
Preloading 0 native plugins for Editor in 0.00 ms.
Mono: successfully reloaded assembly
- Completed reload, in  0.809 seconds
Platform modules already initialized, skipping
Refreshing native plugins compatible for Editor in 0.58 ms, found 0 plugins.
Preloading 0 native plugins for Editor in 0.00 ms.
Unloading 1807 Unused Serialized files (Serialized files now loaded: 0)
System memory in use before: 82.6 MB.
System memory in use after: 82.7 MB.

Unloading 44 unused Assets to reduce memory usage. Loaded Objects now: 2295.
Total: 5.231900 ms (FindLiveObjects: 0.167000 ms CreateObjectMapping: 0.041500 ms MarkObjects: 4.996400 ms  DeleteObjects: 0.025700 ms)

========================================================================
Received Prepare
Registering precompiled user dll's ...
Registered in 0.003778 seconds.
Begin MonoManager ReloadAssembly
Native extension for WindowsStandalone target not found
Native extension for WebGL target not found
Refreshing native plugins compatible for Editor in 0.56 ms, found 0 plugins.
Preloading 0 native plugins for Editor in 0.00 ms.
Mono: successfully reloaded assembly
- Completed reload, in  0.792 seconds
Platform modules already initialized, skipping
Refreshing native plugins compatible for Editor in 0.52 ms, found 0 plugins.
Preloading 0 native plugins for Editor in 0.00 ms.
Unloading 1807 Unused Serialized files (Serialized files now loaded: 0)
System memory in use before: 82.6 MB.
System memory in use after: 82.7 MB.

Unloading 44 unused Assets to reduce memory usage. Loaded Objects now: 2298.
Total: 4.929600 ms (FindLiveObjects: 0.151700 ms CreateObjectMapping: 0.038300 ms MarkObjects: 4.710000 ms  DeleteObjects: 0.028500 ms)

========================================================================
Received Prepare
Registering precompiled user dll's ...
Registered in 0.004844 seconds.
Begin MonoManager ReloadAssembly
Native extension for WindowsStandalone target not found
Native extension for WebGL target not found
Refreshing native plugins compatible for Editor in 0.64 ms, found 0 plugins.
Preloading 0 native plugins for Editor in 0.00 ms.
Mono: successfully reloaded assembly
- Completed reload, in  0.822 seconds
Platform modules already initialized, skipping
Refreshing native plugins compatible for Editor in 0.55 ms, found 0 plugins.
Preloading 0 native plugins for Editor in 0.00 ms.
Unloading 1807 Unused Serialized files (Serialized files now loaded: 0)
System memory in use before: 82.6 MB.
System memory in use after: 82.7 MB.

Unloading 44 unused Assets to reduce memory usage. Loaded Objects now: 2301.
Total: 5.653800 ms (FindLiveObjects: 0.280600 ms CreateObjectMapping: 0.090000 ms MarkObjects: 5.257700 ms  DeleteObjects: 0.023900 ms)

========================================================================
Received Prepare
Registering precompiled user dll's ...
Registered in 0.003392 seconds.
Begin MonoManager ReloadAssembly
Native extension for WindowsStandalone target not found
Native extension for WebGL target not found
Refreshing native plugins compatible for Editor in 0.57 ms, found 0 plugins.
Preloading 0 native plugins for Editor in 0.00 ms.
Mono: successfully reloaded assembly
- Completed reload, in  0.774 seconds
Platform modules already initialized, skipping
Refreshing native plugins compatible for Editor in 0.50 ms, found 0 plugins.
Preloading 0 native plugins for Editor in 0.00 ms.
Unloading 1807 Unused Serialized files (Serialized files now loaded: 0)
System memory in use before: 82.6 MB.
System memory in use after: 82.7 MB.

Unloading 44 unused Assets to reduce memory usage. Loaded Objects now: 2304.
Total: 4.656900 ms (FindLiveObjects: 0.151000 ms CreateObjectMapping: 0.040200 ms MarkObjects: 4.449400 ms  DeleteObjects: 0.015700 ms)

========================================================================
Received Prepare
Registering precompiled user dll's ...
Registered in 0.003202 seconds.
Begin MonoManager ReloadAssembly
Native extension for WindowsStandalone target not found
Native extension for WebGL target not found
Refreshing native plugins compatible for Editor in 0.57 ms, found 0 plugins.
Preloading 0 native plugins for Editor in 0.00 ms.
Mono: successfully reloaded assembly
- Completed reload, in  0.789 seconds
Platform modules already initialized, skipping
Refreshing native plugins compatible for Editor in 0.55 ms, found 0 plugins.
Preloading 0 native plugins for Editor in 0.00 ms.
Unloading 1807 Unused Serialized files (Serialized files now loaded: 0)
System memory in use before: 82.6 MB.
System memory in use after: 82.8 MB.

Unloading 44 unused Assets to reduce memory usage. Loaded Objects now: 2307.
Total: 5.397700 ms (FindLiveObjects: 0.216600 ms CreateObjectMapping: 0.089100 ms MarkObjects: 5.068300 ms  DeleteObjects: 0.022600 ms)

========================================================================
Received Prepare
Registering precompiled user dll's ...
Registered in 0.003485 seconds.
Begin MonoManager ReloadAssembly
Native extension for WindowsStandalone target not found
Native extension for WebGL target not found
Refreshing native plugins compatible for Editor in 0.56 ms, found 0 plugins.
Preloading 0 native plugins for Editor in 0.00 ms.
Mono: successfully reloaded assembly
- Completed reload, in  0.778 seconds
Platform modules already initialized, skipping
Refreshing native plugins compatible for Editor in 0.53 ms, found 0 plugins.
Preloading 0 native plugins for Editor in 0.00 ms.
Unloading 1807 Unused Serialized files (Serialized files now loaded: 0)
System memory in use before: 82.7 MB.
System memory in use after: 82.8 MB.

Unloading 44 unused Assets to reduce memory usage. Loaded Objects now: 2310.
Total: 5.194000 ms (FindLiveObjects: 0.174300 ms CreateObjectMapping: 0.041100 ms MarkObjects: 4.955600 ms  DeleteObjects: 0.021600 ms)

AssetImportWorkerClient::OnTransportError - code=2 error=End of file
