Using pre-set license
Built from '2021.1/staging' branch; Version is '2021.1.7f1 (d91830b65d9b) revision 14227504'; Using compiler version '192528614'; Build Type 'Release'
OS: 'Windows 10 Home; OS build 22000.434; Version 2009; 64bit' Language: 'en' Physical Memory: 16021 MB
BatchMode: 1, IsHumanControllingUs: 0, StartBugReporterOnCrash: 0, Is64bit: 1, IsPro: 0

 COMMAND LINE ARGUMENTS:
C:\Program Files\Unity\Hub\Editor\2021.1.7f1\Editor\Unity.exe
-adb2
-batchMode
-noUpm
-name
AssetImportWorker0
-projectPath
C:/Game/GameDev_Decal/Project 1/2DTutorialBase-master
-logFile
Logs/AssetImportWorker0.log
-srvPort
52038
Successfully changed project path to: C:/Game/GameDev_Decal/Project 1/2DTutorialBase-master
C:/Game/GameDev_Decal/Project 1/2DTutorialBase-master
Using Asset Import Pipeline V2.
Refreshing native plugins compatible for Editor in 112.49 ms, found 0 plugins.
Preloading 0 native plugins for Editor in 0.00 ms.
Initialize engine version: 2021.1.7f1 (d91830b65d9b)
[Subsystems] Discovering subsystems at path C:/Program Files/Unity/Hub/Editor/2021.1.7f1/Editor/Data/Resources/UnitySubsystems
[Subsystems] Discovering subsystems at path C:/Game/GameDev_Decal/Project 1/2DTutorialBase-master/Assets
GfxDevice: creating device client; threaded=0; jobified=0
Direct3D:
    Version:  Direct3D 11.0 [level 11.1]
    Renderer: Intel(R) Iris(R) Xe Graphics (ID=0x9a49)
    Vendor:   Intel
    VRAM:     8010 MB
    Driver:   30.0.100.9864
Initialize mono
Mono path[0] = 'C:/Program Files/Unity/Hub/Editor/2021.1.7f1/Editor/Data/Managed'
Mono path[1] = 'C:/Program Files/Unity/Hub/Editor/2021.1.7f1/Editor/Data/MonoBleedingEdge/lib/mono/unityjit'
Mono config path = 'C:/Program Files/Unity/Hub/Editor/2021.1.7f1/Editor/Data/MonoBleedingEdge/etc'
Using monoOptions --debugger-agent=transport=dt_socket,embedding=1,server=y,suspend=n,address=127.0.0.1:56264
Begin MonoManager ReloadAssembly
Registering precompiled unity dll's ...
Register platform support module: C:/Program Files/Unity/Hub/Editor/2021.1.7f1/Editor/Data/PlaybackEngines/WebGLSupport/UnityEditor.WebGL.Extensions.dll
Register platform support module: C:/Program Files/Unity/Hub/Editor/2021.1.7f1/Editor/Data/PlaybackEngines/WindowsStandaloneSupport/UnityEditor.WindowsStandalone.Extensions.dll
Registered in 0.001929 seconds.
Native extension for WindowsStandalone target not found
Native extension for WebGL target not found
Refreshing native plugins compatible for Editor in 54.98 ms, found 0 plugins.
Preloading 0 native plugins for Editor in 0.00 ms.
Mono: successfully reloaded assembly
- Completed reload, in  1.765 seconds
Platform modules already initialized, skipping
Registering precompiled user dll's ...
Registered in 0.004589 seconds.
Begin MonoManager ReloadAssembly
Native extension for WindowsStandalone target not found
Native extension for WebGL target not found
Refreshing native plugins compatible for Editor in 0.68 ms, found 0 plugins.
Preloading 0 native plugins for Editor in 0.00 ms.
Mono: successfully reloaded assembly
- Completed reload, in  1.121 seconds
Platform modules already initialized, skipping
========================================================================
Worker process is ready to serve import requests
Launched and connected shader compiler UnityShaderCompiler.exe after 0.04 seconds
Refreshing native plugins compatible for Editor in 0.77 ms, found 0 plugins.
Preloading 0 native plugins for Editor in 0.00 ms.
Unloading 1965 Unused Serialized files (Serialized files now loaded: 0)
System memory in use before: 83.7 MB.
System memory in use after: 83.8 MB.

Unloading 54 unused Assets to reduce memory usage. Loaded Objects now: 2387.
Total: 6.952800 ms (FindLiveObjects: 0.150400 ms CreateObjectMapping: 0.060100 ms MarkObjects: 6.645500 ms  DeleteObjects: 0.094200 ms)

========================================================================
Received Import Request.
  path: Packages/com.unity.2d.sprite/Editor/ObjectMenuCreation/DefaultAssets/Textures/v2/Square.png
  artifactKey: Guid(311925a002f4447b3a28927169b83ea6) Importer(815301076,1909f56bfc062723c751e8b465ee728b)
Start importing Packages/com.unity.2d.sprite/Editor/ObjectMenuCreation/DefaultAssets/Textures/v2/Square.png using Guid(311925a002f4447b3a28927169b83ea6) Importer(815301076,1909f56bfc062723c751e8b465ee728b)  -> (artifact id: 'c64f00636a03c546b5cfda222947b375') in 0.172190 seconds 
========================================================================
Received Import Request.
  Time since last request: 0.000244 seconds.
  path: Assets/Sprites/Tiles/tileset.png
  artifactKey: Guid(61bda409e13a345bcb9e55db18b42f74) Importer(815301076,1909f56bfc062723c751e8b465ee728b)
Start importing Assets/Sprites/Tiles/tileset.png using Guid(61bda409e13a345bcb9e55db18b42f74) Importer(815301076,1909f56bfc062723c751e8b465ee728b)  -> (artifact id: '7ced543b124e2efef877fe43548792c8') in 0.204851 seconds 
========================================================================
Received Import Request.
  Time since last request: 0.000219 seconds.
  path: Assets/Sprites/Items/small potion_04.png
  artifactKey: Guid(d25f5a29013e0ac4ba060131a294cefd) Importer(815301076,1909f56bfc062723c751e8b465ee728b)
Start importing Assets/Sprites/Items/small potion_04.png using Guid(d25f5a29013e0ac4ba060131a294cefd) Importer(815301076,1909f56bfc062723c751e8b465ee728b)  -> (artifact id: '62ebd6c5749ba2ef7facef2a5b362900') in 0.031380 seconds 
========================================================================
Received Import Request.
  Time since last request: 0.000304 seconds.
  path: Assets/Sprites/Items/small potion_01.png
  artifactKey: Guid(d2c639703d0a001469739da166da5d9e) Importer(815301076,1909f56bfc062723c751e8b465ee728b)
Start importing Assets/Sprites/Items/small potion_01.png using Guid(d2c639703d0a001469739da166da5d9e) Importer(815301076,1909f56bfc062723c751e8b465ee728b)  -> (artifact id: 'a02be9b972019c17353f2c28f5fed4c8') in 0.030629 seconds 
========================================================================
Received Import Request.
  Time since last request: 0.000256 seconds.
  path: Assets/Updates/project 1 sprites-20200709T232451Z-001/project 1 sprites/Project 1 Character.png
  artifactKey: Guid(0f05b950f18f27f479497404879d5cdb) Importer(815301076,1909f56bfc062723c751e8b465ee728b)
Start importing Assets/Updates/project 1 sprites-20200709T232451Z-001/project 1 sprites/Project 1 Character.png using Guid(0f05b950f18f27f479497404879d5cdb) Importer(815301076,1909f56bfc062723c751e8b465ee728b)  -> (artifact id: 'a4021564db00261cef12b8e0dece8212') in 0.035413 seconds 
========================================================================
Received Import Request.
  Time since last request: 0.000340 seconds.
  path: Packages/com.unity.2d.sprite/Editor/ObjectMenuCreation/DefaultAssets/Textures/Square.png
  artifactKey: Guid(db750325989564987a34393247d883b4) Importer(815301076,1909f56bfc062723c751e8b465ee728b)
Start importing Packages/com.unity.2d.sprite/Editor/ObjectMenuCreation/DefaultAssets/Textures/Square.png using Guid(db750325989564987a34393247d883b4) Importer(815301076,1909f56bfc062723c751e8b465ee728b)  -> (artifact id: 'ef37045141e8d80b34c9a403c54db32a') in 0.033813 seconds 
========================================================================
Received Import Request.
  Time since last request: 0.000331 seconds.
  path: Assets/Sprites/Items/small potion_03.png
  artifactKey: Guid(0234e9dc280cd5f46bb57168b83c9044) Importer(815301076,1909f56bfc062723c751e8b465ee728b)
Start importing Assets/Sprites/Items/small potion_03.png using Guid(0234e9dc280cd5f46bb57168b83c9044) Importer(815301076,1909f56bfc062723c751e8b465ee728b)  -> (artifact id: 'db4503ab7884f1416df76e51b61cf8db') in 0.036588 seconds 
========================================================================
Received Import Request.
  Time since last request: 0.000340 seconds.
  path: Assets/Sprites/Items/small potion_02.png
  artifactKey: Guid(c966a97ffe15399499b4e32471904301) Importer(815301076,1909f56bfc062723c751e8b465ee728b)
Start importing Assets/Sprites/Items/small potion_02.png using Guid(c966a97ffe15399499b4e32471904301) Importer(815301076,1909f56bfc062723c751e8b465ee728b)  -> (artifact id: '2d76a54f077a6c0f78000449669384dc') in 0.034491 seconds 
========================================================================
Received Import Request.
  Time since last request: 0.000330 seconds.
  path: Assets/Updates/project 1 sprites-20200709T232451Z-001/project 1 sprites/Project 1 Character sword.png
  artifactKey: Guid(034b920e23bade54cb0fd64e3586612d) Importer(815301076,1909f56bfc062723c751e8b465ee728b)
Start importing Assets/Updates/project 1 sprites-20200709T232451Z-001/project 1 sprites/Project 1 Character sword.png using Guid(034b920e23bade54cb0fd64e3586612d) Importer(815301076,1909f56bfc062723c751e8b465ee728b)  -> (artifact id: 'a6c408a36c7c8b51e5d086989f6c4a2f') in 0.038740 seconds 
========================================================================
Received Import Request.
  Time since last request: 0.000313 seconds.
  path: Assets/Sprites/Items/small potion_00.png
  artifactKey: Guid(80136768c4dbea14fb2cd2c5103807a5) Importer(815301076,1909f56bfc062723c751e8b465ee728b)
Start importing Assets/Sprites/Items/small potion_00.png using Guid(80136768c4dbea14fb2cd2c5103807a5) Importer(815301076,1909f56bfc062723c751e8b465ee728b)  -> (artifact id: '030cbc4356da2ddfe37bac17739cf599') in 0.036590 seconds 
========================================================================
Received Import Request.
  Time since last request: 161.242655 seconds.
  path: Assets/Scripts
  artifactKey: Guid(68575a9afa07643c78c94403a4e04043) Importer(815301076,1909f56bfc062723c751e8b465ee728b)
Start importing Assets/Scripts using Guid(68575a9afa07643c78c94403a4e04043) Importer(815301076,1909f56bfc062723c751e8b465ee728b)  -> (artifact id: 'f6d40f1f152f96c89ee0fc28f06957db') in 0.010951 seconds 
========================================================================
Received Import Request.
  Time since last request: 8.451653 seconds.
  path: Assets/Scripts/Player.cs
  artifactKey: Guid(38f01a5fd72d8fe4bbf75cfdf4ad12be) Importer(815301076,1909f56bfc062723c751e8b465ee728b)
Start importing Assets/Scripts/Player.cs using Guid(38f01a5fd72d8fe4bbf75cfdf4ad12be) Importer(815301076,1909f56bfc062723c751e8b465ee728b)  -> (artifact id: 'eb2cecc135321db50281c988af04ff81') in 0.029380 seconds 
========================================================================
Received Prepare
Registering precompiled user dll's ...
Registered in 0.007536 seconds.
Begin MonoManager ReloadAssembly
Native extension for WindowsStandalone target not found
Native extension for WebGL target not found
Refreshing native plugins compatible for Editor in 2.31 ms, found 0 plugins.
Preloading 0 native plugins for Editor in 0.00 ms.
Mono: successfully reloaded assembly
- Completed reload, in  2.456 seconds
Platform modules already initialized, skipping
Refreshing native plugins compatible for Editor in 1.32 ms, found 0 plugins.
Preloading 0 native plugins for Editor in 0.00 ms.
Unloading 1968 Unused Serialized files (Serialized files now loaded: 0)
System memory in use before: 91.9 MB.
System memory in use after: 92.0 MB.

Unloading 45 unused Assets to reduce memory usage. Loaded Objects now: 2558.
Total: 39.473500 ms (FindLiveObjects: 0.843500 ms CreateObjectMapping: 0.157300 ms MarkObjects: 38.366000 ms  DeleteObjects: 0.102500 ms)

========================================================================
Received Prepare
Registering precompiled user dll's ...
Registered in 0.006526 seconds.
Begin MonoManager ReloadAssembly
Native extension for WindowsStandalone target not found
Native extension for WebGL target not found
Refreshing native plugins compatible for Editor in 1.27 ms, found 0 plugins.
Preloading 0 native plugins for Editor in 0.00 ms.
Mono: successfully reloaded assembly
- Completed reload, in  1.310 seconds
Platform modules already initialized, skipping
Refreshing native plugins compatible for Editor in 0.79 ms, found 0 plugins.
Preloading 0 native plugins for Editor in 0.00 ms.
Unloading 1957 Unused Serialized files (Serialized files now loaded: 0)
System memory in use before: 91.5 MB.
System memory in use after: 91.6 MB.

Unloading 46 unused Assets to reduce memory usage. Loaded Objects now: 2560.
Total: 10.681700 ms (FindLiveObjects: 0.291500 ms CreateObjectMapping: 0.081400 ms MarkObjects: 10.235400 ms  DeleteObjects: 0.070900 ms)

========================================================================
Received Import Request.
  Time since last request: 61.254552 seconds.
  path: Assets/Scripts/PlayerController.cs
  artifactKey: Guid(8c9700f2719b93d4b97a1d4162996184) Importer(815301076,1909f56bfc062723c751e8b465ee728b)
Start importing Assets/Scripts/PlayerController.cs using Guid(8c9700f2719b93d4b97a1d4162996184) Importer(815301076,1909f56bfc062723c751e8b465ee728b)  -> (artifact id: '4e56356eb58784e40bc32262b862c822') in 0.023294 seconds 
========================================================================
Received Prepare
Registering precompiled user dll's ...
Registered in 0.009164 seconds.
Begin MonoManager ReloadAssembly
Native extension for WindowsStandalone target not found
Native extension for WebGL target not found
Refreshing native plugins compatible for Editor in 1.80 ms, found 0 plugins.
Preloading 0 native plugins for Editor in 0.00 ms.
Mono: successfully reloaded assembly
- Completed reload, in  2.263 seconds
Platform modules already initialized, skipping
Refreshing native plugins compatible for Editor in 1.94 ms, found 0 plugins.
Preloading 0 native plugins for Editor in 0.00 ms.
Unloading 1958 Unused Serialized files (Serialized files now loaded: 0)
System memory in use before: 91.5 MB.
System memory in use after: 91.7 MB.

Unloading 45 unused Assets to reduce memory usage. Loaded Objects now: 2564.
Total: 7.022800 ms (FindLiveObjects: 0.195700 ms CreateObjectMapping: 0.069100 ms MarkObjects: 6.699000 ms  DeleteObjects: 0.056500 ms)

